<?xml version="1.0" encoding="UTF-8"?>
<coverage generated="1679752786798" clover="3.2.0">
  <project timestamp="1679752786798" name="All files">
    <metrics statements="258" coveredstatements="128" conditionals="97" coveredconditionals="41" methods="180" coveredmethods="56" elements="535" coveredelements="225" complexity="0" loc="258" ncloc="258" packages="4" files="31" classes="31"/>
    <package name="src">
      <metrics statements="42" coveredstatements="42" conditionals="16" coveredconditionals="12" methods="5" coveredmethods="5"/>
      <file name="apiFetcher.ts" path="/Users/nicola/workspace/memori/memori-api-client/src/apiFetcher.ts">
        <metrics statements="4" coveredstatements="4" conditionals="16" coveredconditionals="12" methods="2" coveredmethods="2"/>
        <line num="1" count="26" type="stmt"/>
        <line num="3" count="26" type="stmt"/>
        <line num="13" count="50" type="stmt"/>
        <line num="23" count="50" type="cond" truecount="4" falsecount="2"/>
      </file>
      <file name="backend.ts" path="/Users/nicola/workspace/memori/memori-api-client/src/backend.ts">
        <metrics statements="9" coveredstatements="9" conditionals="0" coveredconditionals="0" methods="1" coveredmethods="1"/>
        <line num="1" count="26" type="stmt"/>
        <line num="2" count="26" type="stmt"/>
        <line num="3" count="26" type="stmt"/>
        <line num="4" count="26" type="stmt"/>
        <line num="5" count="26" type="stmt"/>
        <line num="6" count="26" type="stmt"/>
        <line num="7" count="26" type="stmt"/>
        <line num="9" count="26" type="stmt"/>
        <line num="26" count="26" type="stmt"/>
      </file>
      <file name="constants.ts" path="/Users/nicola/workspace/memori/memori-api-client/src/constants.ts">
        <metrics statements="2" coveredstatements="2" conditionals="0" coveredconditionals="0" methods="0" coveredmethods="0"/>
        <line num="1" count="26" type="stmt"/>
        <line num="21" count="26" type="stmt"/>
      </file>
      <file name="engine.ts" path="/Users/nicola/workspace/memori/memori-api-client/src/engine.ts">
        <metrics statements="18" coveredstatements="18" conditionals="0" coveredconditionals="0" methods="1" coveredmethods="1"/>
        <line num="1" count="26" type="stmt"/>
        <line num="2" count="26" type="stmt"/>
        <line num="3" count="26" type="stmt"/>
        <line num="4" count="26" type="stmt"/>
        <line num="5" count="26" type="stmt"/>
        <line num="6" count="26" type="stmt"/>
        <line num="7" count="26" type="stmt"/>
        <line num="8" count="26" type="stmt"/>
        <line num="9" count="26" type="stmt"/>
        <line num="10" count="26" type="stmt"/>
        <line num="11" count="26" type="stmt"/>
        <line num="12" count="26" type="stmt"/>
        <line num="13" count="26" type="stmt"/>
        <line num="14" count="26" type="stmt"/>
        <line num="15" count="26" type="stmt"/>
        <line num="16" count="26" type="stmt"/>
        <line num="17" count="26" type="stmt"/>
        <line num="19" count="26" type="stmt"/>
      </file>
      <file name="index.ts" path="/Users/nicola/workspace/memori/memori-api-client/src/index.ts">
        <metrics statements="9" coveredstatements="9" conditionals="0" coveredconditionals="0" methods="1" coveredmethods="1"/>
        <line num="1" count="26" type="stmt"/>
        <line num="2" count="26" type="stmt"/>
        <line num="3" count="26" type="stmt"/>
        <line num="4" count="26" type="stmt"/>
        <line num="5" count="26" type="stmt"/>
        <line num="7" count="26" type="stmt"/>
        <line num="8" count="26" type="stmt"/>
        <line num="10" count="26" type="stmt"/>
        <line num="18" count="26" type="stmt"/>
      </file>
    </package>
    <package name="src.backend">
      <metrics statements="78" coveredstatements="21" conditionals="38" coveredconditionals="3" methods="66" coveredmethods="14"/>
      <file name="asset.ts" path="/Users/nicola/workspace/memori/memori-api-client/src/backend/asset.ts">
        <metrics statements="12" coveredstatements="3" conditionals="4" coveredconditionals="0" methods="6" coveredmethods="2"/>
        <line num="2" count="26" type="stmt"/>
        <line num="4" count="52" type="stmt"/>
        <line num="13" count="0" type="cond" truecount="0" falsecount="2"/>
        <line num="29" count="0" type="stmt"/>
        <line num="30" count="0" type="stmt"/>
        <line num="31" count="0" type="stmt"/>
        <line num="33" count="0" type="stmt"/>
        <line num="35" count="0" type="stmt"/>
        <line num="44" count="0" type="stmt"/>
        <line num="58" count="2" type="stmt"/>
        <line num="70" count="0" type="stmt"/>
        <line num="82" count="0" type="stmt"/>
      </file>
      <file name="consumptionLogs.ts" path="/Users/nicola/workspace/memori/memori-api-client/src/backend/consumptionLogs.ts">
        <metrics statements="5" coveredstatements="3" conditionals="18" coveredconditionals="3" methods="4" coveredmethods="2"/>
        <line num="2" count="26" type="stmt"/>
        <line num="4" count="52" type="stmt"/>
        <line num="21" count="0" type="stmt"/>
        <line num="46" count="0" type="stmt"/>
        <line num="71" count="2" type="stmt"/>
      </file>
      <file name="integration.ts" path="/Users/nicola/workspace/memori/memori-api-client/src/backend/integration.ts">
        <metrics statements="8" coveredstatements="3" conditionals="0" coveredconditionals="0" methods="7" coveredmethods="2"/>
        <line num="2" count="26" type="stmt"/>
        <line num="4" count="52" type="stmt"/>
        <line num="12" count="0" type="stmt"/>
        <line num="26" count="0" type="stmt"/>
        <line num="41" count="2" type="stmt"/>
        <line num="55" count="0" type="stmt"/>
        <line num="67" count="0" type="stmt"/>
        <line num="89" count="0" type="stmt"/>
      </file>
      <file name="invitation.ts" path="/Users/nicola/workspace/memori/memori-api-client/src/backend/invitation.ts">
        <metrics statements="12" coveredstatements="3" conditionals="0" coveredconditionals="0" methods="11" coveredmethods="2"/>
        <line num="2" count="26" type="stmt"/>
        <line num="4" count="52" type="stmt"/>
        <line num="11" count="0" type="stmt"/>
        <line num="22" count="0" type="stmt"/>
        <line num="32" count="0" type="stmt"/>
        <line num="42" count="0" type="stmt"/>
        <line num="53" count="2" type="stmt"/>
        <line num="69" count="0" type="stmt"/>
        <line num="82" count="0" type="stmt"/>
        <line num="94" count="0" type="stmt"/>
        <line num="106" count="0" type="stmt"/>
        <line num="121" count="0" type="stmt"/>
      </file>
      <file name="memori.ts" path="/Users/nicola/workspace/memori/memori-api-client/src/backend/memori.ts">
        <metrics statements="21" coveredstatements="3" conditionals="16" coveredconditionals="0" methods="20" coveredmethods="2"/>
        <line num="2" count="26" type="stmt"/>
        <line num="4" count="52" type="stmt"/>
        <line num="11" count="0" type="stmt"/>
        <line num="25" count="0" type="stmt"/>
        <line num="39" count="0" type="stmt"/>
        <line num="53" count="0" type="stmt"/>
        <line num="73" count="0" type="stmt"/>
        <line num="98" count="0" type="stmt"/>
        <line num="117" count="0" type="stmt"/>
        <line num="131" count="0" type="stmt"/>
        <line num="145" count="0" type="stmt"/>
        <line num="159" count="0" type="stmt"/>
        <line num="174" count="0" type="stmt"/>
        <line num="190" count="0" type="stmt"/>
        <line num="202" count="0" type="stmt"/>
        <line num="215" count="4" type="stmt"/>
        <line num="233" count="0" type="stmt"/>
        <line num="255" count="0" type="stmt"/>
        <line num="277" count="0" type="stmt"/>
        <line num="305" count="0" type="stmt"/>
        <line num="318" count="0" type="stmt"/>
      </file>
      <file name="notifications.ts" path="/Users/nicola/workspace/memori/memori-api-client/src/backend/notifications.ts">
        <metrics statements="4" coveredstatements="3" conditionals="0" coveredconditionals="0" methods="3" coveredmethods="2"/>
        <line num="2" count="26" type="stmt"/>
        <line num="4" count="52" type="stmt"/>
        <line num="11" count="0" type="stmt"/>
        <line num="21" count="2" type="stmt"/>
      </file>
      <file name="user.ts" path="/Users/nicola/workspace/memori/memori-api-client/src/backend/user.ts">
        <metrics statements="16" coveredstatements="3" conditionals="0" coveredconditionals="0" methods="15" coveredmethods="2"/>
        <line num="2" count="26" type="stmt"/>
        <line num="4" count="52" type="stmt"/>
        <line num="11" count="0" type="stmt"/>
        <line num="23" count="0" type="stmt"/>
        <line num="35" count="0" type="stmt"/>
        <line num="48" count="0" type="stmt"/>
        <line num="60" count="2" type="stmt"/>
        <line num="74" count="0" type="stmt"/>
        <line num="88" count="0" type="stmt"/>
        <line num="100" count="0" type="stmt"/>
        <line num="118" count="0" type="stmt"/>
        <line num="129" count="0" type="stmt"/>
        <line num="146" count="0" type="stmt"/>
        <line num="157" count="0" type="stmt"/>
        <line num="170" count="0" type="stmt"/>
        <line num="181" count="0" type="stmt"/>
      </file>
    </package>
    <package name="src.engine">
      <metrics statements="123" coveredstatements="51" conditionals="20" coveredconditionals="5" methods="106" coveredmethods="34"/>
      <file name="chatLogs.ts" path="/Users/nicola/workspace/memori/memori-api-client/src/engine/chatLogs.ts">
        <metrics statements="6" coveredstatements="3" conditionals="12" coveredconditionals="3" methods="5" coveredmethods="2"/>
        <line num="2" count="26" type="stmt"/>
        <line num="10" count="52" type="stmt"/>
        <line num="18" count="2" type="stmt"/>
        <line num="38" count="0" type="stmt"/>
        <line num="58" count="0" type="stmt"/>
        <line num="74" count="0" type="stmt"/>
      </file>
      <file name="contextVars.ts" path="/Users/nicola/workspace/memori/memori-api-client/src/engine/contextVars.ts">
        <metrics statements="5" coveredstatements="3" conditionals="0" coveredconditionals="0" methods="4" coveredmethods="2"/>
        <line num="2" count="26" type="stmt"/>
        <line num="10" count="52" type="stmt"/>
        <line num="16" count="2" type="stmt"/>
        <line num="30" count="0" type="stmt"/>
        <line num="45" count="0" type="stmt"/>
      </file>
      <file name="correlationPairs.ts" path="/Users/nicola/workspace/memori/memori-api-client/src/engine/correlationPairs.ts">
        <metrics statements="5" coveredstatements="3" conditionals="4" coveredconditionals="1" methods="4" coveredmethods="2"/>
        <line num="2" count="26" type="stmt"/>
        <line num="10" count="52" type="stmt"/>
        <line num="22" count="2" type="stmt"/>
        <line num="45" count="0" type="stmt"/>
        <line num="61" count="0" type="stmt"/>
      </file>
      <file name="customDictionary.ts" path="/Users/nicola/workspace/memori/memori-api-client/src/engine/customDictionary.ts">
        <metrics statements="7" coveredstatements="3" conditionals="0" coveredconditionals="0" methods="6" coveredmethods="2"/>
        <line num="2" count="26" type="stmt"/>
        <line num="10" count="52" type="stmt"/>
        <line num="16" count="2" type="stmt"/>
        <line num="31" count="0" type="stmt"/>
        <line num="46" count="0" type="stmt"/>
        <line num="60" count="0" type="stmt"/>
        <line num="80" count="0" type="stmt"/>
      </file>
      <file name="dialog.ts" path="/Users/nicola/workspace/memori/memori-api-client/src/engine/dialog.ts">
        <metrics statements="11" coveredstatements="3" conditionals="0" coveredconditionals="0" methods="10" coveredmethods="2"/>
        <line num="2" count="26" type="stmt"/>
        <line num="10" count="52" type="stmt"/>
        <line num="24" count="2" type="stmt"/>
        <line num="58" count="0" type="stmt"/>
        <line num="78" count="0" type="stmt"/>
        <line num="89" count="0" type="stmt"/>
        <line num="104" count="0" type="stmt"/>
        <line num="119" count="0" type="stmt"/>
        <line num="134" count="0" type="stmt"/>
        <line num="144" count="0" type="stmt"/>
        <line num="154" count="0" type="stmt"/>
      </file>
      <file name="importExport.ts" path="/Users/nicola/workspace/memori/memori-api-client/src/engine/importExport.ts">
        <metrics statements="8" coveredstatements="3" conditionals="0" coveredconditionals="0" methods="7" coveredmethods="2"/>
        <line num="7" count="26" type="stmt"/>
        <line num="15" count="52" type="stmt"/>
        <line num="23" count="2" type="stmt"/>
        <line num="41" count="0" type="stmt"/>
        <line num="55" count="0" type="stmt"/>
        <line num="69" count="0" type="stmt"/>
        <line num="89" count="0" type="stmt"/>
        <line num="109" count="0" type="stmt"/>
      </file>
      <file name="intents.ts" path="/Users/nicola/workspace/memori/memori-api-client/src/engine/intents.ts">
        <metrics statements="12" coveredstatements="3" conditionals="0" coveredconditionals="0" methods="11" coveredmethods="2"/>
        <line num="2" count="26" type="stmt"/>
        <line num="10" count="52" type="stmt"/>
        <line num="16" count="0" type="stmt"/>
        <line num="31" count="2" type="stmt"/>
        <line num="49" count="0" type="stmt"/>
        <line num="61" count="0" type="stmt"/>
        <line num="72" count="0" type="stmt"/>
        <line num="87" count="0" type="stmt"/>
        <line num="104" count="0" type="stmt"/>
        <line num="122" count="0" type="stmt"/>
        <line num="134" count="0" type="stmt"/>
        <line num="144" count="0" type="stmt"/>
      </file>
      <file name="localizationKeys.ts" path="/Users/nicola/workspace/memori/memori-api-client/src/engine/localizationKeys.ts">
        <metrics statements="7" coveredstatements="3" conditionals="0" coveredconditionals="0" methods="6" coveredmethods="2"/>
        <line num="6" count="26" type="stmt"/>
        <line num="14" count="52" type="stmt"/>
        <line num="20" count="0" type="stmt"/>
        <line num="35" count="2" type="stmt"/>
        <line num="53" count="0" type="stmt"/>
        <line num="70" count="0" type="stmt"/>
        <line num="89" count="0" type="stmt"/>
      </file>
      <file name="media.ts" path="/Users/nicola/workspace/memori/memori-api-client/src/engine/media.ts">
        <metrics statements="8" coveredstatements="3" conditionals="0" coveredconditionals="0" methods="7" coveredmethods="2"/>
        <line num="2" count="26" type="stmt"/>
        <line num="10" count="52" type="stmt"/>
        <line num="17" count="2" type="stmt"/>
        <line num="28" count="0" type="stmt"/>
        <line num="40" count="0" type="stmt"/>
        <line num="52" count="0" type="stmt"/>
        <line num="64" count="0" type="stmt"/>
        <line num="75" count="0" type="stmt"/>
      </file>
      <file name="memories.ts" path="/Users/nicola/workspace/memori/memori-api-client/src/engine/memories.ts">
        <metrics statements="9" coveredstatements="3" conditionals="4" coveredconditionals="1" methods="8" coveredmethods="2"/>
        <line num="2" count="26" type="stmt"/>
        <line num="10" count="52" type="stmt"/>
        <line num="20" count="2" type="cond" truecount="1" falsecount="1"/>
        <line num="42" count="0" type="stmt"/>
        <line num="61" count="0" type="stmt"/>
        <line num="76" count="0" type="stmt"/>
        <line num="88" count="0" type="stmt"/>
        <line num="99" count="0" type="stmt"/>
        <line num="115" count="0" type="stmt"/>
      </file>
      <file name="nlp.ts" path="/Users/nicola/workspace/memori/memori-api-client/src/engine/nlp.ts">
        <metrics statements="7" coveredstatements="3" conditionals="0" coveredconditionals="0" methods="6" coveredmethods="2"/>
        <line num="2" count="26" type="stmt"/>
        <line num="10" count="52" type="stmt"/>
        <line num="17" count="0" type="stmt"/>
        <line num="32" count="0" type="stmt"/>
        <line num="47" count="2" type="stmt"/>
        <line num="74" count="0" type="stmt"/>
        <line num="104" count="0" type="stmt"/>
      </file>
      <file name="people.ts" path="/Users/nicola/workspace/memori/memori-api-client/src/engine/people.ts">
        <metrics statements="7" coveredstatements="3" conditionals="0" coveredconditionals="0" methods="6" coveredmethods="2"/>
        <line num="2" count="26" type="stmt"/>
        <line num="10" count="52" type="stmt"/>
        <line num="16" count="0" type="stmt"/>
        <line num="31" count="2" type="stmt"/>
        <line num="46" count="0" type="stmt"/>
        <line num="62" count="0" type="stmt"/>
        <line num="73" count="0" type="stmt"/>
      </file>
      <file name="promptedQuestions.ts" path="/Users/nicola/workspace/memori/memori-api-client/src/engine/promptedQuestions.ts">
        <metrics statements="7" coveredstatements="3" conditionals="0" coveredconditionals="0" methods="6" coveredmethods="2"/>
        <line num="2" count="26" type="stmt"/>
        <line num="10" count="52" type="stmt"/>
        <line num="16" count="0" type="stmt"/>
        <line num="27" count="2" type="stmt"/>
        <line num="38" count="0" type="stmt"/>
        <line num="49" count="0" type="stmt"/>
        <line num="59" count="0" type="stmt"/>
      </file>
      <file name="search.ts" path="/Users/nicola/workspace/memori/memori-api-client/src/engine/search.ts">
        <metrics statements="5" coveredstatements="3" conditionals="0" coveredconditionals="0" methods="4" coveredmethods="2"/>
        <line num="2" count="26" type="stmt"/>
        <line num="10" count="52" type="stmt"/>
        <line num="17" count="0" type="stmt"/>
        <line num="33" count="2" type="stmt"/>
        <line num="45" count="0" type="stmt"/>
      </file>
      <file name="session.ts" path="/Users/nicola/workspace/memori/memori-api-client/src/engine/session.ts">
        <metrics statements="5" coveredstatements="3" conditionals="0" coveredconditionals="0" methods="4" coveredmethods="2"/>
        <line num="2" count="26" type="stmt"/>
        <line num="10" count="52" type="stmt"/>
        <line num="15" count="0" type="stmt"/>
        <line num="31" count="2" type="stmt"/>
        <line num="45" count="0" type="stmt"/>
      </file>
      <file name="stats.ts" path="/Users/nicola/workspace/memori/memori-api-client/src/engine/stats.ts">
        <metrics statements="8" coveredstatements="3" conditionals="0" coveredconditionals="0" methods="7" coveredmethods="2"/>
        <line num="2" count="26" type="stmt"/>
        <line num="10" count="52" type="stmt"/>
        <line num="16" count="2" type="stmt"/>
        <line num="30" count="0" type="stmt"/>
        <line num="60" count="0" type="stmt"/>
        <line num="102" count="0" type="stmt"/>
        <line num="124" count="0" type="stmt"/>
        <line num="149" count="0" type="stmt"/>
      </file>
      <file name="unansweredQuestions.ts" path="/Users/nicola/workspace/memori/memori-api-client/src/engine/unansweredQuestions.ts">
        <metrics statements="6" coveredstatements="3" conditionals="0" coveredconditionals="0" methods="5" coveredmethods="2"/>
        <line num="2" count="26" type="stmt"/>
        <line num="10" count="52" type="stmt"/>
        <line num="16" count="2" type="stmt"/>
        <line num="34" count="0" type="stmt"/>
        <line num="53" count="0" type="stmt"/>
        <line num="72" count="0" type="stmt"/>
      </file>
    </package>
    <package name="src.helpers">
      <metrics statements="15" coveredstatements="14" conditionals="23" coveredconditionals="21" methods="3" coveredmethods="3"/>
      <file name="asset.ts" path="/Users/nicola/workspace/memori/memori-api-client/src/helpers/asset.ts">
        <metrics statements="13" coveredstatements="12" conditionals="19" coveredconditionals="17" methods="2" coveredmethods="2"/>
        <line num="8" count="27" type="stmt"/>
        <line num="26" count="10" type="cond" truecount="2" falsecount="0"/>
        <line num="29" count="10" type="cond" truecount="4" falsecount="0"/>
        <line num="30" count="3" type="stmt"/>
        <line num="31" count="7" type="cond" truecount="2" falsecount="0"/>
        <line num="32" count="1" type="stmt"/>
        <line num="33" count="6" type="cond" truecount="2" falsecount="0"/>
        <line num="37" count="1" type="cond" truecount="1" falsecount="1"/>
        <line num="38" count="5" type="cond" truecount="2" falsecount="0"/>
        <line num="39" count="4" type="stmt"/>
        <line num="43" count="1" type="cond" truecount="1" falsecount="1"/>
        <line num="44" count="1" type="stmt"/>
        <line num="49" count="0" type="stmt"/>
      </file>
      <file name="getApiUrl.ts" path="/Users/nicola/workspace/memori/memori-api-client/src/helpers/getApiUrl.ts">
        <metrics statements="2" coveredstatements="2" conditionals="4" coveredconditionals="4" methods="1" coveredmethods="1"/>
        <line num="1" count="27" type="stmt"/>
        <line num="2" count="29" type="cond" truecount="2" falsecount="0"/>
      </file>
    </package>
  </project>
</coverage>
