{"/Users/nicola/workspace/memori/memori-api-client/src/apiFetcher.ts": {"path":"/Users/nicola/workspace/memori/memori-api-client/src/apiFetcher.ts","statementMap":{"0":{"start":{"line":1,"column":0},"end":{"line":1,"column":47}},"1":{"start":{"line":3,"column":26},"end":{"line":23,"column":56}},"2":{"start":{"line":13,"column":2},"end":{"line":23,"column":56}},"3":{"start":{"line":23,"column":18},"end":{"line":23,"column":54}},"4":{"start":{"line":3,"column":13},"end":{"line":3,"column":26}}},"fnMap":{"0":{"name":"(anonymous_0)","decl":{"start":{"line":3,"column":26},"end":{"line":3,"column":null}},"loc":{"start":{"line":13,"column":2},"end":{"line":23,"column":56}}},"1":{"name":"(anonymous_1)","decl":{"start":{"line":23,"column":10},"end":{"line":23,"column":13}},"loc":{"start":{"line":23,"column":18},"end":{"line":23,"column":54}}}},"branchMap":{"0":{"loc":{"start":{"line":15,"column":10},"end":{"line":15,"column":60}},"type":"cond-expr","locations":[{"start":{"line":15,"column":23},"end":{"line":15,"column":48}},{"start":{"line":15,"column":51},"end":{"line":15,"column":60}}]},"1":{"loc":{"start":{"line":15,"column":10},"end":{"line":15,"column":20}},"type":"cond-expr","locations":[{"start":{"line":15,"column":14},"end":{"line":15,"column":16}},{"start":{"line":15,"column":10},"end":{"line":15,"column":20}}]},"2":{"loc":{"start":{"line":15,"column":10},"end":{"line":15,"column":16}},"type":"binary-expr","locations":[{"start":{"line":15,"column":10},"end":{"line":15,"column":16}},{"start":{"line":15,"column":10},"end":{"line":15,"column":16}}]},"3":{"loc":{"start":{"line":21,"column":9},"end":{"line":21,"column":22}},"type":"cond-expr","locations":[{"start":{"line":21,"column":13},"end":{"line":21,"column":15}},{"start":{"line":21,"column":9},"end":{"line":21,"column":22}}]},"4":{"loc":{"start":{"line":21,"column":9},"end":{"line":21,"column":15}},"type":"binary-expr","locations":[{"start":{"line":21,"column":9},"end":{"line":21,"column":15}},{"start":{"line":21,"column":9},"end":{"line":21,"column":15}}]},"5":{"loc":{"start":{"line":23,"column":18},"end":{"line":23,"column":54}},"type":"cond-expr","locations":[{"start":{"line":23,"column":31},"end":{"line":23,"column":41}},{"start":{"line":23,"column":44},"end":{"line":23,"column":54}}]},"6":{"loc":{"start":{"line":23,"column":18},"end":{"line":23,"column":28}},"type":"cond-expr","locations":[{"start":{"line":23,"column":22},"end":{"line":23,"column":24}},{"start":{"line":23,"column":18},"end":{"line":23,"column":28}}]},"7":{"loc":{"start":{"line":23,"column":18},"end":{"line":23,"column":24}},"type":"binary-expr","locations":[{"start":{"line":23,"column":18},"end":{"line":23,"column":24}},{"start":{"line":23,"column":18},"end":{"line":23,"column":24}}]}},"s":{"0":26,"1":26,"2":50,"3":50,"4":26},"f":{"0":50,"1":50},"b":{"0":[6,44],"1":[0,50],"2":[50,50],"3":[0,50],"4":[50,50],"5":[0,50],"6":[0,50],"7":[50,50]}}
,"/Users/nicola/workspace/memori/memori-api-client/src/backend.ts": {"path":"/Users/nicola/workspace/memori/memori-api-client/src/backend.ts","statementMap":{"0":{"start":{"line":1,"column":0},"end":{"line":1,"column":38}},"1":{"start":{"line":2,"column":0},"end":{"line":2,"column":34}},"2":{"start":{"line":3,"column":0},"end":{"line":3,"column":48}},"3":{"start":{"line":4,"column":0},"end":{"line":4,"column":36}},"4":{"start":{"line":5,"column":0},"end":{"line":5,"column":46}},"5":{"start":{"line":6,"column":0},"end":{"line":6,"column":56}},"6":{"start":{"line":7,"column":0},"end":{"line":7,"column":52}},"7":{"start":{"line":9,"column":19},"end":{"line":24,"column":2}},"8":{"start":{"line":9,"column":40},"end":{"line":24,"column":2}},"9":{"start":{"line":26,"column":0},"end":{"line":26,"column":26}}},"fnMap":{"0":{"name":"(anonymous_0)","decl":{"start":{"line":9,"column":19},"end":{"line":9,"column":20}},"loc":{"start":{"line":9,"column":40},"end":{"line":24,"column":2}}}},"branchMap":{},"s":{"0":26,"1":26,"2":26,"3":26,"4":26,"5":26,"6":26,"7":26,"8":26,"9":26},"f":{"0":26},"b":{}}
,"/Users/nicola/workspace/memori/memori-api-client/src/constants.ts": {"path":"/Users/nicola/workspace/memori/memori-api-client/src/constants.ts","statementMap":{"0":{"start":{"line":1,"column":13},"end":{"line":19,"column":2}},"1":{"start":{"line":21,"column":13},"end":{"line":21,"column":28}}},"fnMap":{},"branchMap":{},"s":{"0":26,"1":26},"f":{},"b":{}}
,"/Users/nicola/workspace/memori/memori-api-client/src/engine.ts": {"path":"/Users/nicola/workspace/memori/memori-api-client/src/engine.ts","statementMap":{"0":{"start":{"line":1,"column":0},"end":{"line":1,"column":57}},"1":{"start":{"line":2,"column":0},"end":{"line":2,"column":37}},"2":{"start":{"line":3,"column":0},"end":{"line":3,"column":49}},"3":{"start":{"line":4,"column":0},"end":{"line":4,"column":39}},"4":{"start":{"line":5,"column":0},"end":{"line":5,"column":57}},"5":{"start":{"line":6,"column":0},"end":{"line":6,"column":35}},"6":{"start":{"line":7,"column":0},"end":{"line":7,"column":41}},"7":{"start":{"line":8,"column":0},"end":{"line":8,"column":31}},"8":{"start":{"line":9,"column":0},"end":{"line":9,"column":37}},"9":{"start":{"line":10,"column":0},"end":{"line":10,"column":59}},"10":{"start":{"line":11,"column":0},"end":{"line":11,"column":37}},"11":{"start":{"line":12,"column":0},"end":{"line":12,"column":39}},"12":{"start":{"line":13,"column":0},"end":{"line":13,"column":35}},"13":{"start":{"line":14,"column":0},"end":{"line":14,"column":63}},"14":{"start":{"line":15,"column":0},"end":{"line":15,"column":47}},"15":{"start":{"line":16,"column":0},"end":{"line":16,"column":57}},"16":{"start":{"line":17,"column":0},"end":{"line":17,"column":41}},"17":{"start":{"line":19,"column":0},"end":{"line":54,"column":3}},"18":{"start":{"line":19,"column":36},"end":{"line":54,"column":2}}},"fnMap":{"0":{"name":"(anonymous_0)","decl":{"start":{"line":19,"column":15},"end":{"line":19,"column":16}},"loc":{"start":{"line":19,"column":36},"end":{"line":54,"column":2}}}},"branchMap":{},"s":{"0":26,"1":26,"2":26,"3":26,"4":26,"5":26,"6":26,"7":26,"8":26,"9":26,"10":26,"11":26,"12":26,"13":26,"14":26,"15":26,"16":26,"17":26,"18":26},"f":{"0":26},"b":{}}
,"/Users/nicola/workspace/memori/memori-api-client/src/index.ts": {"path":"/Users/nicola/workspace/memori/memori-api-client/src/index.ts","statementMap":{"0":{"start":{"line":1,"column":0},"end":{"line":1,"column":48}},"1":{"start":{"line":2,"column":0},"end":{"line":2,"column":32}},"2":{"start":{"line":3,"column":0},"end":{"line":3,"column":30}},"3":{"start":{"line":4,"column":0},"end":{"line":4,"column":41}},"4":{"start":{"line":5,"column":0},"end":{"line":5,"column":36}},"5":{"start":{"line":7,"column":12},"end":{"line":16,"column":1}},"6":{"start":{"line":8,"column":17},"end":{"line":8,"column":36}},"7":{"start":{"line":10,"column":2},"end":{"line":15,"column":4}},"8":{"start":{"line":18,"column":0},"end":{"line":18,"column":19}}},"fnMap":{"0":{"name":"(anonymous_0)","decl":{"start":{"line":7,"column":12},"end":{"line":7,"column":13}},"loc":{"start":{"line":7,"column":34},"end":{"line":16,"column":1}}}},"branchMap":{},"s":{"0":26,"1":26,"2":26,"3":26,"4":26,"5":26,"6":26,"7":26,"8":26},"f":{"0":26},"b":{}}
,"/Users/nicola/workspace/memori/memori-api-client/src/backend/asset.ts": {"path":"/Users/nicola/workspace/memori/memori-api-client/src/backend/asset.ts","statementMap":{"0":{"start":{"line":2,"column":0},"end":{"line":2,"column":43}},"1":{"start":{"line":4,"column":0},"end":{"line":86,"column":3}},"2":{"start":{"line":4,"column":36},"end":{"line":86,"column":2}},"3":{"start":{"line":13,"column":4},"end":{"line":13,"column":79}},"4":{"start":{"line":29,"column":17},"end":{"line":29,"column":31}},"5":{"start":{"line":30,"column":17},"end":{"line":30,"column":37}},"6":{"start":{"line":31,"column":21},"end":{"line":31,"column":38}},"7":{"start":{"line":33,"column":4},"end":{"line":33,"column":46}},"8":{"start":{"line":35,"column":19},"end":{"line":42,"column":null}},"9":{"start":{"line":44,"column":4},"end":{"line":48,"column":6}},"10":{"start":{"line":58,"column":4},"end":{"line":61,"column":6}},"11":{"start":{"line":70,"column":4},"end":{"line":74,"column":50}},"12":{"start":{"line":82,"column":4},"end":{"line":85,"column":31}}},"fnMap":{"0":{"name":"(anonymous_0)","decl":{"start":{"line":4,"column":15},"end":{"line":4,"column":16}},"loc":{"start":{"line":4,"column":36},"end":{"line":86,"column":2}}},"1":{"name":"(anonymous_1)","decl":{"start":{"line":12,"column":21},"end":{"line":12,"column":22}},"loc":{"start":{"line":13,"column":4},"end":{"line":13,"column":79}}},"2":{"name":"(anonymous_2)","decl":{"start":{"line":22,"column":15},"end":{"line":22,"column":20}},"loc":{"start":{"line":28,"column":6},"end":{"line":49,"column":3}}},"3":{"name":"(anonymous_3)","decl":{"start":{"line":57,"column":12},"end":{"line":57,"column":13}},"loc":{"start":{"line":58,"column":4},"end":{"line":61,"column":6}}},"4":{"name":"(anonymous_4)","decl":{"start":{"line":69,"column":15},"end":{"line":69,"column":16}},"loc":{"start":{"line":70,"column":4},"end":{"line":74,"column":50}}},"5":{"name":"(anonymous_5)","decl":{"start":{"line":81,"column":15},"end":{"line":81,"column":16}},"loc":{"start":{"line":82,"column":4},"end":{"line":85,"column":31}}}},"branchMap":{"0":{"loc":{"start":{"line":13,"column":47},"end":{"line":13,"column":77}},"type":"cond-expr","locations":[{"start":{"line":13,"column":58},"end":{"line":13,"column":72}},{"start":{"line":13,"column":75},"end":{"line":13,"column":77}}]},"1":{"loc":{"start":{"line":37,"column":8},"end":{"line":37,"column":null}},"type":"cond-expr","locations":[{"start":{"line":37,"column":19},"end":{"line":37,"column":33}},{"start":{"line":37,"column":36},"end":{"line":37,"column":null}}]}},"s":{"0":26,"1":26,"2":52,"3":0,"4":0,"5":0,"6":0,"7":0,"8":0,"9":0,"10":2,"11":0,"12":0},"f":{"0":52,"1":0,"2":0,"3":2,"4":0,"5":0},"b":{"0":[0,0],"1":[0,0]}}
,"/Users/nicola/workspace/memori/memori-api-client/src/backend/consumptionLogs.ts": {"path":"/Users/nicola/workspace/memori/memori-api-client/src/backend/consumptionLogs.ts","statementMap":{"0":{"start":{"line":2,"column":0},"end":{"line":2,"column":43}},"1":{"start":{"line":4,"column":0},"end":{"line":79,"column":3}},"2":{"start":{"line":4,"column":36},"end":{"line":79,"column":2}},"3":{"start":{"line":21,"column":4},"end":{"line":27,"column":null}},"4":{"start":{"line":46,"column":4},"end":{"line":52,"column":null}},"5":{"start":{"line":71,"column":4},"end":{"line":77,"column":null}}},"fnMap":{"0":{"name":"(anonymous_0)","decl":{"start":{"line":4,"column":15},"end":{"line":4,"column":16}},"loc":{"start":{"line":4,"column":36},"end":{"line":79,"column":2}}},"1":{"name":"(anonymous_1)","decl":{"start":{"line":14,"column":28},"end":{"line":14,"column":null}},"loc":{"start":{"line":21,"column":4},"end":{"line":27,"column":null}}},"2":{"name":"(anonymous_2)","decl":{"start":{"line":39,"column":26},"end":{"line":39,"column":null}},"loc":{"start":{"line":46,"column":4},"end":{"line":52,"column":null}}},"3":{"name":"(anonymous_3)","decl":{"start":{"line":64,"column":28},"end":{"line":64,"column":null}},"loc":{"start":{"line":71,"column":4},"end":{"line":77,"column":null}}}},"branchMap":{"0":{"loc":{"start":{"line":23,"column":8},"end":{"line":23,"column":null}},"type":"cond-expr","locations":[{"start":{"line":23,"column":19},"end":{"line":23,"column":33}},{"start":{"line":23,"column":36},"end":{"line":23,"column":null}}]},"1":{"loc":{"start":{"line":24,"column":9},"end":{"line":24,"column":47}},"type":"cond-expr","locations":[{"start":{"line":24,"column":30},"end":{"line":24,"column":42}},{"start":{"line":24,"column":45},"end":{"line":24,"column":47}}]},"2":{"loc":{"start":{"line":24,"column":9},"end":{"line":24,"column":27}},"type":"binary-expr","locations":[{"start":{"line":24,"column":9},"end":{"line":24,"column":17}},{"start":{"line":24,"column":21},"end":{"line":24,"column":27}}]},"3":{"loc":{"start":{"line":48,"column":8},"end":{"line":48,"column":null}},"type":"cond-expr","locations":[{"start":{"line":48,"column":19},"end":{"line":48,"column":33}},{"start":{"line":48,"column":36},"end":{"line":48,"column":null}}]},"4":{"loc":{"start":{"line":49,"column":9},"end":{"line":49,"column":47}},"type":"cond-expr","locations":[{"start":{"line":49,"column":30},"end":{"line":49,"column":42}},{"start":{"line":49,"column":45},"end":{"line":49,"column":47}}]},"5":{"loc":{"start":{"line":49,"column":9},"end":{"line":49,"column":27}},"type":"binary-expr","locations":[{"start":{"line":49,"column":9},"end":{"line":49,"column":17}},{"start":{"line":49,"column":21},"end":{"line":49,"column":27}}]},"6":{"loc":{"start":{"line":73,"column":8},"end":{"line":73,"column":null}},"type":"cond-expr","locations":[{"start":{"line":73,"column":19},"end":{"line":73,"column":33}},{"start":{"line":73,"column":36},"end":{"line":73,"column":null}}]},"7":{"loc":{"start":{"line":74,"column":9},"end":{"line":74,"column":47}},"type":"cond-expr","locations":[{"start":{"line":74,"column":30},"end":{"line":74,"column":42}},{"start":{"line":74,"column":45},"end":{"line":74,"column":47}}]},"8":{"loc":{"start":{"line":74,"column":9},"end":{"line":74,"column":27}},"type":"binary-expr","locations":[{"start":{"line":74,"column":9},"end":{"line":74,"column":17}},{"start":{"line":74,"column":21},"end":{"line":74,"column":27}}]}},"s":{"0":26,"1":26,"2":52,"3":0,"4":0,"5":2},"f":{"0":52,"1":0,"2":0,"3":2},"b":{"0":[0,0],"1":[0,0],"2":[0,0],"3":[0,0],"4":[0,0],"5":[0,0],"6":[0,2],"7":[0,2],"8":[2,0]}}
,"/Users/nicola/workspace/memori/memori-api-client/src/backend/integration.ts": {"path":"/Users/nicola/workspace/memori/memori-api-client/src/backend/integration.ts","statementMap":{"0":{"start":{"line":2,"column":0},"end":{"line":2,"column":43}},"1":{"start":{"line":4,"column":0},"end":{"line":98,"column":3}},"2":{"start":{"line":4,"column":36},"end":{"line":98,"column":2}},"3":{"start":{"line":12,"column":4},"end":{"line":14,"column":null}},"4":{"start":{"line":26,"column":4},"end":{"line":28,"column":null}},"5":{"start":{"line":41,"column":4},"end":{"line":43,"column":null}},"6":{"start":{"line":55,"column":4},"end":{"line":58,"column":31}},"7":{"start":{"line":67,"column":4},"end":{"line":71,"column":null}},"8":{"start":{"line":89,"column":4},"end":{"line":93,"column":null}}},"fnMap":{"0":{"name":"(anonymous_0)","decl":{"start":{"line":4,"column":15},"end":{"line":4,"column":16}},"loc":{"start":{"line":4,"column":36},"end":{"line":98,"column":2}}},"1":{"name":"(anonymous_1)","decl":{"start":{"line":11,"column":29},"end":{"line":11,"column":30}},"loc":{"start":{"line":12,"column":4},"end":{"line":14,"column":null}}},"2":{"name":"(anonymous_2)","decl":{"start":{"line":25,"column":26},"end":{"line":25,"column":27}},"loc":{"start":{"line":26,"column":4},"end":{"line":28,"column":null}}},"3":{"name":"(anonymous_3)","decl":{"start":{"line":40,"column":18},"end":{"line":40,"column":19}},"loc":{"start":{"line":41,"column":4},"end":{"line":43,"column":null}}},"4":{"name":"(anonymous_4)","decl":{"start":{"line":54,"column":21},"end":{"line":54,"column":22}},"loc":{"start":{"line":55,"column":4},"end":{"line":58,"column":31}}},"5":{"name":"(anonymous_5)","decl":{"start":{"line":66,"column":21},"end":{"line":66,"column":22}},"loc":{"start":{"line":67,"column":4},"end":{"line":71,"column":null}}},"6":{"name":"(anonymous_6)","decl":{"start":{"line":84,"column":21},"end":{"line":84,"column":null}},"loc":{"start":{"line":89,"column":4},"end":{"line":93,"column":null}}}},"branchMap":{},"s":{"0":26,"1":26,"2":52,"3":0,"4":0,"5":2,"6":0,"7":0,"8":0},"f":{"0":52,"1":0,"2":0,"3":2,"4":0,"5":0,"6":0},"b":{}}
,"/Users/nicola/workspace/memori/memori-api-client/src/backend/invitation.ts": {"path":"/Users/nicola/workspace/memori/memori-api-client/src/backend/invitation.ts","statementMap":{"0":{"start":{"line":2,"column":0},"end":{"line":2,"column":43}},"1":{"start":{"line":4,"column":0},"end":{"line":126,"column":3}},"2":{"start":{"line":4,"column":36},"end":{"line":126,"column":2}},"3":{"start":{"line":11,"column":4},"end":{"line":13,"column":63}},"4":{"start":{"line":22,"column":4},"end":{"line":24,"column":63}},"5":{"start":{"line":32,"column":4},"end":{"line":34,"column":63}},"6":{"start":{"line":42,"column":4},"end":{"line":44,"column":63}},"7":{"start":{"line":53,"column":4},"end":{"line":55,"column":60}},"8":{"start":{"line":69,"column":4},"end":{"line":73,"column":60}},"9":{"start":{"line":82,"column":4},"end":{"line":85,"column":31}},"10":{"start":{"line":94,"column":4},"end":{"line":97,"column":60}},"11":{"start":{"line":106,"column":4},"end":{"line":109,"column":60}},"12":{"start":{"line":121,"column":4},"end":{"line":125,"column":60}}},"fnMap":{"0":{"name":"(anonymous_0)","decl":{"start":{"line":4,"column":15},"end":{"line":4,"column":16}},"loc":{"start":{"line":4,"column":36},"end":{"line":126,"column":2}}},"1":{"name":"(anonymous_1)","decl":{"start":{"line":10,"column":22},"end":{"line":10,"column":23}},"loc":{"start":{"line":11,"column":4},"end":{"line":13,"column":63}}},"2":{"name":"(anonymous_2)","decl":{"start":{"line":21,"column":24},"end":{"line":21,"column":25}},"loc":{"start":{"line":22,"column":4},"end":{"line":24,"column":63}}},"3":{"name":"(anonymous_3)","decl":{"start":{"line":31,"column":26},"end":{"line":31,"column":27}},"loc":{"start":{"line":32,"column":4},"end":{"line":34,"column":63}}},"4":{"name":"(anonymous_4)","decl":{"start":{"line":41,"column":21},"end":{"line":41,"column":22}},"loc":{"start":{"line":42,"column":4},"end":{"line":44,"column":63}}},"5":{"name":"(anonymous_5)","decl":{"start":{"line":52,"column":17},"end":{"line":52,"column":18}},"loc":{"start":{"line":53,"column":4},"end":{"line":55,"column":60}}},"6":{"name":"(anonymous_6)","decl":{"start":{"line":63,"column":20},"end":{"line":63,"column":null}},"loc":{"start":{"line":69,"column":4},"end":{"line":73,"column":60}}},"7":{"name":"(anonymous_7)","decl":{"start":{"line":81,"column":20},"end":{"line":81,"column":21}},"loc":{"start":{"line":82,"column":4},"end":{"line":85,"column":31}}},"8":{"name":"(anonymous_8)","decl":{"start":{"line":93,"column":20},"end":{"line":93,"column":21}},"loc":{"start":{"line":94,"column":4},"end":{"line":97,"column":60}}},"9":{"name":"(anonymous_9)","decl":{"start":{"line":105,"column":20},"end":{"line":105,"column":21}},"loc":{"start":{"line":106,"column":4},"end":{"line":109,"column":60}}},"10":{"name":"(anonymous_10)","decl":{"start":{"line":117,"column":18},"end":{"line":117,"column":null}},"loc":{"start":{"line":121,"column":4},"end":{"line":125,"column":60}}}},"branchMap":{},"s":{"0":26,"1":26,"2":52,"3":0,"4":0,"5":0,"6":0,"7":2,"8":0,"9":0,"10":0,"11":0,"12":0},"f":{"0":52,"1":0,"2":0,"3":0,"4":0,"5":2,"6":0,"7":0,"8":0,"9":0,"10":0},"b":{}}
,"/Users/nicola/workspace/memori/memori-api-client/src/backend/memori.ts": {"path":"/Users/nicola/workspace/memori/memori-api-client/src/backend/memori.ts","statementMap":{"0":{"start":{"line":2,"column":0},"end":{"line":2,"column":43}},"1":{"start":{"line":4,"column":0},"end":{"line":322,"column":3}},"2":{"start":{"line":4,"column":36},"end":{"line":322,"column":2}},"3":{"start":{"line":11,"column":4},"end":{"line":13,"column":null}},"4":{"start":{"line":25,"column":4},"end":{"line":27,"column":null}},"5":{"start":{"line":39,"column":4},"end":{"line":41,"column":null}},"6":{"start":{"line":53,"column":4},"end":{"line":55,"column":null}},"7":{"start":{"line":73,"column":4},"end":{"line":79,"column":null}},"8":{"start":{"line":98,"column":4},"end":{"line":104,"column":null}},"9":{"start":{"line":117,"column":4},"end":{"line":119,"column":null}},"10":{"start":{"line":131,"column":4},"end":{"line":133,"column":null}},"11":{"start":{"line":145,"column":4},"end":{"line":147,"column":null}},"12":{"start":{"line":159,"column":4},"end":{"line":161,"column":null}},"13":{"start":{"line":174,"column":4},"end":{"line":178,"column":52}},"14":{"start":{"line":190,"column":4},"end":{"line":194,"column":52}},"15":{"start":{"line":202,"column":4},"end":{"line":206,"column":31}},"16":{"start":{"line":215,"column":4},"end":{"line":217,"column":52}},"17":{"start":{"line":233,"column":4},"end":{"line":239,"column":null}},"18":{"start":{"line":255,"column":4},"end":{"line":261,"column":null}},"19":{"start":{"line":277,"column":4},"end":{"line":283,"column":null}},"20":{"start":{"line":305,"column":4},"end":{"line":309,"column":31}},"21":{"start":{"line":318,"column":4},"end":{"line":321,"column":31}}},"fnMap":{"0":{"name":"(anonymous_0)","decl":{"start":{"line":4,"column":15},"end":{"line":4,"column":16}},"loc":{"start":{"line":4,"column":36},"end":{"line":322,"column":2}}},"1":{"name":"(anonymous_1)","decl":{"start":{"line":10,"column":29},"end":{"line":10,"column":30}},"loc":{"start":{"line":11,"column":4},"end":{"line":13,"column":null}}},"2":{"name":"(anonymous_2)","decl":{"start":{"line":24,"column":32},"end":{"line":24,"column":33}},"loc":{"start":{"line":25,"column":4},"end":{"line":27,"column":null}}},"3":{"name":"(anonymous_3)","decl":{"start":{"line":38,"column":23},"end":{"line":38,"column":24}},"loc":{"start":{"line":39,"column":4},"end":{"line":41,"column":null}}},"4":{"name":"(anonymous_4)","decl":{"start":{"line":52,"column":16},"end":{"line":52,"column":17}},"loc":{"start":{"line":53,"column":4},"end":{"line":55,"column":null}}},"5":{"name":"(anonymous_5)","decl":{"start":{"line":68,"column":25},"end":{"line":68,"column":null}},"loc":{"start":{"line":73,"column":4},"end":{"line":79,"column":null}}},"6":{"name":"(anonymous_6)","decl":{"start":{"line":93,"column":21},"end":{"line":93,"column":null}},"loc":{"start":{"line":98,"column":4},"end":{"line":104,"column":null}}},"7":{"name":"(anonymous_7)","decl":{"start":{"line":116,"column":17},"end":{"line":116,"column":18}},"loc":{"start":{"line":117,"column":4},"end":{"line":119,"column":null}}},"8":{"name":"(anonymous_8)","decl":{"start":{"line":130,"column":23},"end":{"line":130,"column":24}},"loc":{"start":{"line":131,"column":4},"end":{"line":133,"column":null}}},"9":{"name":"(anonymous_9)","decl":{"start":{"line":144,"column":23},"end":{"line":144,"column":24}},"loc":{"start":{"line":145,"column":4},"end":{"line":147,"column":null}}},"10":{"name":"(anonymous_10)","decl":{"start":{"line":158,"column":20},"end":{"line":158,"column":21}},"loc":{"start":{"line":159,"column":4},"end":{"line":161,"column":null}}},"11":{"name":"(anonymous_11)","decl":{"start":{"line":173,"column":16},"end":{"line":173,"column":17}},"loc":{"start":{"line":174,"column":4},"end":{"line":178,"column":52}}},"12":{"name":"(anonymous_12)","decl":{"start":{"line":186,"column":16},"end":{"line":186,"column":null}},"loc":{"start":{"line":190,"column":4},"end":{"line":194,"column":52}}},"13":{"name":"(anonymous_13)","decl":{"start":{"line":201,"column":16},"end":{"line":201,"column":17}},"loc":{"start":{"line":202,"column":4},"end":{"line":206,"column":31}}},"14":{"name":"(anonymous_14)","decl":{"start":{"line":214,"column":17},"end":{"line":214,"column":18}},"loc":{"start":{"line":215,"column":4},"end":{"line":217,"column":52}}},"15":{"name":"(anonymous_15)","decl":{"start":{"line":227,"column":24},"end":{"line":227,"column":null}},"loc":{"start":{"line":233,"column":4},"end":{"line":239,"column":null}}},"16":{"name":"(anonymous_16)","decl":{"start":{"line":249,"column":13},"end":{"line":249,"column":null}},"loc":{"start":{"line":255,"column":4},"end":{"line":261,"column":null}}},"17":{"name":"(anonymous_17)","decl":{"start":{"line":271,"column":21},"end":{"line":271,"column":null}},"loc":{"start":{"line":277,"column":4},"end":{"line":283,"column":null}}},"18":{"name":"(anonymous_18)","decl":{"start":{"line":298,"column":18},"end":{"line":298,"column":null}},"loc":{"start":{"line":305,"column":4},"end":{"line":309,"column":31}}},"19":{"name":"(anonymous_19)","decl":{"start":{"line":317,"column":24},"end":{"line":317,"column":25}},"loc":{"start":{"line":318,"column":4},"end":{"line":321,"column":31}}}},"branchMap":{"0":{"loc":{"start":{"line":75,"column":8},"end":{"line":75,"column":null}},"type":"cond-expr","locations":[{"start":{"line":75,"column":20},"end":{"line":75,"column":35}},{"start":{"line":75,"column":38},"end":{"line":75,"column":null}}]},"1":{"loc":{"start":{"line":100,"column":8},"end":{"line":100,"column":null}},"type":"cond-expr","locations":[{"start":{"line":100,"column":20},"end":{"line":100,"column":35}},{"start":{"line":100,"column":38},"end":{"line":100,"column":null}}]},"2":{"loc":{"start":{"line":235,"column":8},"end":{"line":235,"column":null}},"type":"cond-expr","locations":[{"start":{"line":235,"column":20},"end":{"line":235,"column":35}},{"start":{"line":235,"column":38},"end":{"line":235,"column":null}}]},"3":{"loc":{"start":{"line":258,"column":11},"end":{"line":258,"column":26}},"type":"cond-expr","locations":[{"start":{"line":258,"column":11},"end":{"line":258,"column":20}},{"start":{"line":258,"column":24},"end":{"line":258,"column":26}}]},"4":{"loc":{"start":{"line":258,"column":11},"end":{"line":258,"column":24}},"type":"binary-expr","locations":[{"start":{"line":258,"column":11},"end":{"line":258,"column":24}},{"start":{"line":258,"column":11},"end":{"line":258,"column":24}}]},"5":{"loc":{"start":{"line":279,"column":8},"end":{"line":279,"column":null}},"type":"cond-expr","locations":[{"start":{"line":279,"column":19},"end":{"line":279,"column":33}},{"start":{"line":279,"column":36},"end":{"line":279,"column":null}}]},"6":{"loc":{"start":{"line":280,"column":9},"end":{"line":280,"column":47}},"type":"cond-expr","locations":[{"start":{"line":280,"column":30},"end":{"line":280,"column":42}},{"start":{"line":280,"column":45},"end":{"line":280,"column":47}}]},"7":{"loc":{"start":{"line":280,"column":9},"end":{"line":280,"column":27}},"type":"binary-expr","locations":[{"start":{"line":280,"column":9},"end":{"line":280,"column":17}},{"start":{"line":280,"column":21},"end":{"line":280,"column":27}}]}},"s":{"0":26,"1":26,"2":52,"3":0,"4":0,"5":0,"6":0,"7":0,"8":0,"9":0,"10":0,"11":0,"12":0,"13":0,"14":0,"15":0,"16":4,"17":0,"18":0,"19":0,"20":0,"21":0},"f":{"0":52,"1":0,"2":0,"3":0,"4":0,"5":0,"6":0,"7":0,"8":0,"9":0,"10":0,"11":0,"12":0,"13":0,"14":4,"15":0,"16":0,"17":0,"18":0,"19":0},"b":{"0":[0,0],"1":[0,0],"2":[0,0],"3":[0,0],"4":[0,0],"5":[0,0],"6":[0,0],"7":[0,0]}}
,"/Users/nicola/workspace/memori/memori-api-client/src/backend/notifications.ts": {"path":"/Users/nicola/workspace/memori/memori-api-client/src/backend/notifications.ts","statementMap":{"0":{"start":{"line":2,"column":0},"end":{"line":2,"column":43}},"1":{"start":{"line":4,"column":0},"end":{"line":24,"column":3}},"2":{"start":{"line":4,"column":36},"end":{"line":24,"column":2}},"3":{"start":{"line":11,"column":4},"end":{"line":13,"column":67}},"4":{"start":{"line":21,"column":4},"end":{"line":23,"column":67}}},"fnMap":{"0":{"name":"(anonymous_0)","decl":{"start":{"line":4,"column":15},"end":{"line":4,"column":16}},"loc":{"start":{"line":4,"column":36},"end":{"line":24,"column":2}}},"1":{"name":"(anonymous_1)","decl":{"start":{"line":10,"column":26},"end":{"line":10,"column":27}},"loc":{"start":{"line":11,"column":4},"end":{"line":13,"column":67}}},"2":{"name":"(anonymous_2)","decl":{"start":{"line":20,"column":24},"end":{"line":20,"column":25}},"loc":{"start":{"line":21,"column":4},"end":{"line":23,"column":67}}}},"branchMap":{},"s":{"0":26,"1":26,"2":52,"3":0,"4":2},"f":{"0":52,"1":0,"2":2},"b":{}}
,"/Users/nicola/workspace/memori/memori-api-client/src/backend/user.ts": {"path":"/Users/nicola/workspace/memori/memori-api-client/src/backend/user.ts","statementMap":{"0":{"start":{"line":2,"column":0},"end":{"line":2,"column":43}},"1":{"start":{"line":4,"column":0},"end":{"line":186,"column":3}},"2":{"start":{"line":4,"column":36},"end":{"line":186,"column":2}},"3":{"start":{"line":11,"column":4},"end":{"line":15,"column":48}},"4":{"start":{"line":23,"column":4},"end":{"line":27,"column":64}},"5":{"start":{"line":35,"column":4},"end":{"line":39,"column":null}},"6":{"start":{"line":48,"column":4},"end":{"line":51,"column":31}},"7":{"start":{"line":60,"column":4},"end":{"line":62,"column":null}},"8":{"start":{"line":74,"column":4},"end":{"line":76,"column":null}},"9":{"start":{"line":88,"column":4},"end":{"line":91,"column":31}},"10":{"start":{"line":100,"column":4},"end":{"line":104,"column":null}},"11":{"start":{"line":118,"column":4},"end":{"line":122,"column":31}},"12":{"start":{"line":129,"column":4},"end":{"line":133,"column":null}},"13":{"start":{"line":146,"column":4},"end":{"line":150,"column":31}},"14":{"start":{"line":157,"column":4},"end":{"line":159,"column":null}},"15":{"start":{"line":170,"column":4},"end":{"line":174,"column":31}},"16":{"start":{"line":181,"column":4},"end":{"line":185,"column":48}}},"fnMap":{"0":{"name":"(anonymous_0)","decl":{"start":{"line":4,"column":15},"end":{"line":4,"column":16}},"loc":{"start":{"line":4,"column":36},"end":{"line":186,"column":2}}},"1":{"name":"(anonymous_1)","decl":{"start":{"line":10,"column":14},"end":{"line":10,"column":15}},"loc":{"start":{"line":11,"column":4},"end":{"line":15,"column":48}}},"2":{"name":"(anonymous_2)","decl":{"start":{"line":22,"column":21},"end":{"line":22,"column":22}},"loc":{"start":{"line":23,"column":4},"end":{"line":27,"column":64}}},"3":{"name":"(anonymous_3)","decl":{"start":{"line":34,"column":13},"end":{"line":34,"column":14}},"loc":{"start":{"line":35,"column":4},"end":{"line":39,"column":null}}},"4":{"name":"(anonymous_4)","decl":{"start":{"line":47,"column":14},"end":{"line":47,"column":15}},"loc":{"start":{"line":48,"column":4},"end":{"line":51,"column":31}}},"5":{"name":"(anonymous_5)","decl":{"start":{"line":59,"column":11},"end":{"line":59,"column":12}},"loc":{"start":{"line":60,"column":4},"end":{"line":62,"column":null}}},"6":{"name":"(anonymous_6)","decl":{"start":{"line":73,"column":16},"end":{"line":73,"column":17}},"loc":{"start":{"line":74,"column":4},"end":{"line":76,"column":null}}},"7":{"name":"(anonymous_7)","decl":{"start":{"line":87,"column":14},"end":{"line":87,"column":15}},"loc":{"start":{"line":88,"column":4},"end":{"line":91,"column":31}}},"8":{"name":"(anonymous_8)","decl":{"start":{"line":99,"column":14},"end":{"line":99,"column":15}},"loc":{"start":{"line":100,"column":4},"end":{"line":104,"column":null}}},"9":{"name":"(anonymous_9)","decl":{"start":{"line":117,"column":17},"end":{"line":117,"column":18}},"loc":{"start":{"line":118,"column":4},"end":{"line":122,"column":31}}},"10":{"name":"(anonymous_10)","decl":{"start":{"line":128,"column":16},"end":{"line":128,"column":17}},"loc":{"start":{"line":129,"column":4},"end":{"line":133,"column":null}}},"11":{"name":"(anonymous_11)","decl":{"start":{"line":145,"column":19},"end":{"line":145,"column":20}},"loc":{"start":{"line":146,"column":4},"end":{"line":150,"column":31}}},"12":{"name":"(anonymous_12)","decl":{"start":{"line":156,"column":19},"end":{"line":156,"column":20}},"loc":{"start":{"line":157,"column":4},"end":{"line":159,"column":null}}},"13":{"name":"(anonymous_13)","decl":{"start":{"line":169,"column":26},"end":{"line":169,"column":27}},"loc":{"start":{"line":170,"column":4},"end":{"line":174,"column":31}}},"14":{"name":"(anonymous_14)","decl":{"start":{"line":180,"column":14},"end":{"line":180,"column":15}},"loc":{"start":{"line":181,"column":4},"end":{"line":185,"column":48}}}},"branchMap":{},"s":{"0":26,"1":26,"2":52,"3":0,"4":0,"5":0,"6":0,"7":2,"8":0,"9":0,"10":0,"11":0,"12":0,"13":0,"14":0,"15":0,"16":0},"f":{"0":52,"1":0,"2":0,"3":0,"4":0,"5":2,"6":0,"7":0,"8":0,"9":0,"10":0,"11":0,"12":0,"13":0,"14":0},"b":{}}
,"/Users/nicola/workspace/memori/memori-api-client/src/engine/chatLogs.ts": {"path":"/Users/nicola/workspace/memori/memori-api-client/src/engine/chatLogs.ts","statementMap":{"0":{"start":{"line":2,"column":0},"end":{"line":2,"column":43}},"1":{"start":{"line":10,"column":0},"end":{"line":78,"column":3}},"2":{"start":{"line":10,"column":36},"end":{"line":78,"column":2}},"3":{"start":{"line":18,"column":4},"end":{"line":25,"column":null}},"4":{"start":{"line":38,"column":4},"end":{"line":41,"column":null}},"5":{"start":{"line":58,"column":4},"end":{"line":65,"column":null}},"6":{"start":{"line":74,"column":4},"end":{"line":77,"column":31}}},"fnMap":{"0":{"name":"(anonymous_0)","decl":{"start":{"line":10,"column":15},"end":{"line":10,"column":16}},"loc":{"start":{"line":10,"column":36},"end":{"line":78,"column":2}}},"1":{"name":"(anonymous_1)","decl":{"start":{"line":17,"column":15},"end":{"line":17,"column":20}},"loc":{"start":{"line":18,"column":4},"end":{"line":25,"column":null}}},"2":{"name":"(anonymous_2)","decl":{"start":{"line":37,"column":22},"end":{"line":37,"column":27}},"loc":{"start":{"line":38,"column":4},"end":{"line":41,"column":null}}},"3":{"name":"(anonymous_3)","decl":{"start":{"line":53,"column":18},"end":{"line":53,"column":23}},"loc":{"start":{"line":58,"column":4},"end":{"line":65,"column":null}}},"4":{"name":"(anonymous_4)","decl":{"start":{"line":73,"column":17},"end":{"line":73,"column":22}},"loc":{"start":{"line":74,"column":4},"end":{"line":77,"column":31}}}},"branchMap":{"0":{"loc":{"start":{"line":19,"column":31},"end":{"line":19,"column":61}},"type":"cond-expr","locations":[{"start":{"line":19,"column":42},"end":{"line":19,"column":56}},{"start":{"line":19,"column":59},"end":{"line":19,"column":61}}]},"1":{"loc":{"start":{"line":20,"column":8},"end":{"line":20,"column":null}},"type":"cond-expr","locations":[{"start":{"line":20,"column":29},"end":{"line":20,"column":41}},{"start":{"line":20,"column":44},"end":{"line":20,"column":null}}]},"2":{"loc":{"start":{"line":20,"column":8},"end":{"line":20,"column":26}},"type":"binary-expr","locations":[{"start":{"line":20,"column":8},"end":{"line":20,"column":16}},{"start":{"line":20,"column":20},"end":{"line":20,"column":26}}]},"3":{"loc":{"start":{"line":59,"column":31},"end":{"line":59,"column":61}},"type":"cond-expr","locations":[{"start":{"line":59,"column":42},"end":{"line":59,"column":56}},{"start":{"line":59,"column":59},"end":{"line":59,"column":61}}]},"4":{"loc":{"start":{"line":60,"column":8},"end":{"line":60,"column":null}},"type":"cond-expr","locations":[{"start":{"line":60,"column":29},"end":{"line":60,"column":41}},{"start":{"line":60,"column":44},"end":{"line":60,"column":null}}]},"5":{"loc":{"start":{"line":60,"column":8},"end":{"line":60,"column":26}},"type":"binary-expr","locations":[{"start":{"line":60,"column":8},"end":{"line":60,"column":16}},{"start":{"line":60,"column":20},"end":{"line":60,"column":26}}]}},"s":{"0":26,"1":26,"2":52,"3":2,"4":0,"5":0,"6":0},"f":{"0":52,"1":2,"2":0,"3":0,"4":0},"b":{"0":[0,2],"1":[0,2],"2":[2,0],"3":[0,0],"4":[0,0],"5":[0,0]}}
,"/Users/nicola/workspace/memori/memori-api-client/src/engine/contextVars.ts": {"path":"/Users/nicola/workspace/memori/memori-api-client/src/engine/contextVars.ts","statementMap":{"0":{"start":{"line":2,"column":0},"end":{"line":2,"column":43}},"1":{"start":{"line":10,"column":0},"end":{"line":54,"column":3}},"2":{"start":{"line":10,"column":36},"end":{"line":54,"column":2}},"3":{"start":{"line":16,"column":4},"end":{"line":19,"column":null}},"4":{"start":{"line":30,"column":4},"end":{"line":33,"column":null}},"5":{"start":{"line":45,"column":4},"end":{"line":48,"column":null}}},"fnMap":{"0":{"name":"(anonymous_0)","decl":{"start":{"line":10,"column":15},"end":{"line":10,"column":16}},"loc":{"start":{"line":10,"column":36},"end":{"line":54,"column":2}}},"1":{"name":"(anonymous_1)","decl":{"start":{"line":15,"column":18},"end":{"line":15,"column":23}},"loc":{"start":{"line":16,"column":4},"end":{"line":19,"column":null}}},"2":{"name":"(anonymous_2)","decl":{"start":{"line":29,"column":22},"end":{"line":29,"column":27}},"loc":{"start":{"line":30,"column":4},"end":{"line":33,"column":null}}},"3":{"name":"(anonymous_3)","decl":{"start":{"line":44,"column":23},"end":{"line":44,"column":28}},"loc":{"start":{"line":45,"column":4},"end":{"line":48,"column":null}}}},"branchMap":{},"s":{"0":26,"1":26,"2":52,"3":2,"4":0,"5":0},"f":{"0":52,"1":2,"2":0,"3":0},"b":{}}
,"/Users/nicola/workspace/memori/memori-api-client/src/engine/correlationPairs.ts": {"path":"/Users/nicola/workspace/memori/memori-api-client/src/engine/correlationPairs.ts","statementMap":{"0":{"start":{"line":2,"column":0},"end":{"line":2,"column":43}},"1":{"start":{"line":10,"column":0},"end":{"line":65,"column":3}},"2":{"start":{"line":10,"column":36},"end":{"line":65,"column":2}},"3":{"start":{"line":22,"column":4},"end":{"line":29,"column":null}},"4":{"start":{"line":45,"column":4},"end":{"line":49,"column":null}},"5":{"start":{"line":61,"column":4},"end":{"line":64,"column":31}}},"fnMap":{"0":{"name":"(anonymous_0)","decl":{"start":{"line":10,"column":15},"end":{"line":10,"column":16}},"loc":{"start":{"line":10,"column":36},"end":{"line":65,"column":2}}},"1":{"name":"(anonymous_1)","decl":{"start":{"line":17,"column":23},"end":{"line":17,"column":28}},"loc":{"start":{"line":22,"column":4},"end":{"line":29,"column":null}}},"2":{"name":"(anonymous_2)","decl":{"start":{"line":41,"column":23},"end":{"line":41,"column":28}},"loc":{"start":{"line":45,"column":4},"end":{"line":49,"column":null}}},"3":{"name":"(anonymous_3)","decl":{"start":{"line":60,"column":25},"end":{"line":60,"column":30}},"loc":{"start":{"line":61,"column":4},"end":{"line":64,"column":31}}}},"branchMap":{"0":{"loc":{"start":{"line":24,"column":8},"end":{"line":24,"column":null}},"type":"cond-expr","locations":[{"start":{"line":24,"column":15},"end":{"line":24,"column":56}},{"start":{"line":24,"column":59},"end":{"line":24,"column":null}}]},"1":{"loc":{"start":{"line":24,"column":26},"end":{"line":24,"column":54}},"type":"cond-expr","locations":[{"start":{"line":24,"column":36},"end":{"line":24,"column":49}},{"start":{"line":24,"column":52},"end":{"line":24,"column":54}}]}},"s":{"0":26,"1":26,"2":52,"3":2,"4":0,"5":0},"f":{"0":52,"1":2,"2":0,"3":0},"b":{"0":[0,2],"1":[0,0]}}
,"/Users/nicola/workspace/memori/memori-api-client/src/engine/customDictionary.ts": {"path":"/Users/nicola/workspace/memori/memori-api-client/src/engine/customDictionary.ts","statementMap":{"0":{"start":{"line":2,"column":0},"end":{"line":2,"column":43}},"1":{"start":{"line":10,"column":0},"end":{"line":85,"column":3}},"2":{"start":{"line":10,"column":36},"end":{"line":85,"column":2}},"3":{"start":{"line":16,"column":4},"end":{"line":19,"column":null}},"4":{"start":{"line":31,"column":4},"end":{"line":34,"column":null}},"5":{"start":{"line":46,"column":4},"end":{"line":49,"column":31}},"6":{"start":{"line":60,"column":4},"end":{"line":64,"column":null}},"7":{"start":{"line":80,"column":4},"end":{"line":84,"column":31}}},"fnMap":{"0":{"name":"(anonymous_0)","decl":{"start":{"line":10,"column":15},"end":{"line":10,"column":16}},"loc":{"start":{"line":10,"column":36},"end":{"line":85,"column":2}}},"1":{"name":"(anonymous_1)","decl":{"start":{"line":15,"column":18},"end":{"line":15,"column":23}},"loc":{"start":{"line":16,"column":4},"end":{"line":19,"column":null}}},"2":{"name":"(anonymous_2)","decl":{"start":{"line":30,"column":17},"end":{"line":30,"column":22}},"loc":{"start":{"line":31,"column":4},"end":{"line":34,"column":null}}},"3":{"name":"(anonymous_3)","decl":{"start":{"line":45,"column":20},"end":{"line":45,"column":25}},"loc":{"start":{"line":46,"column":4},"end":{"line":49,"column":31}}},"4":{"name":"(anonymous_4)","decl":{"start":{"line":56,"column":18},"end":{"line":56,"column":23}},"loc":{"start":{"line":60,"column":4},"end":{"line":64,"column":null}}},"5":{"name":"(anonymous_5)","decl":{"start":{"line":76,"column":19},"end":{"line":76,"column":24}},"loc":{"start":{"line":80,"column":4},"end":{"line":84,"column":31}}}},"branchMap":{},"s":{"0":26,"1":26,"2":52,"3":2,"4":0,"5":0,"6":0,"7":0},"f":{"0":52,"1":2,"2":0,"3":0,"4":0,"5":0},"b":{}}
,"/Users/nicola/workspace/memori/memori-api-client/src/engine/dialog.ts": {"path":"/Users/nicola/workspace/memori/memori-api-client/src/engine/dialog.ts","statementMap":{"0":{"start":{"line":2,"column":0},"end":{"line":2,"column":43}},"1":{"start":{"line":10,"column":0},"end":{"line":158,"column":3}},"2":{"start":{"line":10,"column":36},"end":{"line":158,"column":2}},"3":{"start":{"line":24,"column":4},"end":{"line":30,"column":null}},"4":{"start":{"line":58,"column":4},"end":{"line":67,"column":null}},"5":{"start":{"line":78,"column":4},"end":{"line":81,"column":31}},"6":{"start":{"line":89,"column":4},"end":{"line":93,"column":null}},"7":{"start":{"line":104,"column":4},"end":{"line":107,"column":null}},"8":{"start":{"line":119,"column":4},"end":{"line":123,"column":null}},"9":{"start":{"line":134,"column":4},"end":{"line":137,"column":31}},"10":{"start":{"line":144,"column":4},"end":{"line":147,"column":31}},"11":{"start":{"line":154,"column":4},"end":{"line":157,"column":31}}},"fnMap":{"0":{"name":"(anonymous_0)","decl":{"start":{"line":10,"column":15},"end":{"line":10,"column":16}},"loc":{"start":{"line":10,"column":36},"end":{"line":158,"column":2}}},"1":{"name":"(anonymous_1)","decl":{"start":{"line":17,"column":24},"end":{"line":17,"column":29}},"loc":{"start":{"line":24,"column":4},"end":{"line":30,"column":null}}},"2":{"name":"(anonymous_2)","decl":{"start":{"line":45,"column":25},"end":{"line":45,"column":30}},"loc":{"start":{"line":58,"column":4},"end":{"line":67,"column":null}}},"3":{"name":"(anonymous_3)","decl":{"start":{"line":77,"column":24},"end":{"line":77,"column":29}},"loc":{"start":{"line":78,"column":4},"end":{"line":81,"column":31}}},"4":{"name":"(anonymous_4)","decl":{"start":{"line":88,"column":23},"end":{"line":88,"column":28}},"loc":{"start":{"line":89,"column":4},"end":{"line":93,"column":null}}},"5":{"name":"(anonymous_5)","decl":{"start":{"line":103,"column":20},"end":{"line":103,"column":25}},"loc":{"start":{"line":104,"column":4},"end":{"line":107,"column":null}}},"6":{"name":"(anonymous_6)","decl":{"start":{"line":118,"column":27},"end":{"line":118,"column":32}},"loc":{"start":{"line":119,"column":4},"end":{"line":123,"column":null}}},"7":{"name":"(anonymous_7)","decl":{"start":{"line":133,"column":25},"end":{"line":133,"column":30}},"loc":{"start":{"line":134,"column":4},"end":{"line":137,"column":31}}},"8":{"name":"(anonymous_8)","decl":{"start":{"line":143,"column":26},"end":{"line":143,"column":31}},"loc":{"start":{"line":144,"column":4},"end":{"line":147,"column":31}}},"9":{"name":"(anonymous_9)","decl":{"start":{"line":153,"column":24},"end":{"line":153,"column":29}},"loc":{"start":{"line":154,"column":4},"end":{"line":157,"column":31}}}},"branchMap":{},"s":{"0":26,"1":26,"2":52,"3":2,"4":0,"5":0,"6":0,"7":0,"8":0,"9":0,"10":0,"11":0},"f":{"0":52,"1":2,"2":0,"3":0,"4":0,"5":0,"6":0,"7":0,"8":0,"9":0},"b":{}}
,"/Users/nicola/workspace/memori/memori-api-client/src/engine/importExport.ts": {"path":"/Users/nicola/workspace/memori/memori-api-client/src/engine/importExport.ts","statementMap":{"0":{"start":{"line":7,"column":0},"end":{"line":7,"column":43}},"1":{"start":{"line":15,"column":0},"end":{"line":115,"column":3}},"2":{"start":{"line":15,"column":36},"end":{"line":115,"column":2}},"3":{"start":{"line":23,"column":4},"end":{"line":30,"column":null}},"4":{"start":{"line":41,"column":4},"end":{"line":44,"column":null}},"5":{"start":{"line":55,"column":4},"end":{"line":58,"column":null}},"6":{"start":{"line":69,"column":4},"end":{"line":72,"column":null}},"7":{"start":{"line":89,"column":4},"end":{"line":96,"column":null}},"8":{"start":{"line":109,"column":4},"end":{"line":114,"column":25}}},"fnMap":{"0":{"name":"(anonymous_0)","decl":{"start":{"line":15,"column":15},"end":{"line":15,"column":16}},"loc":{"start":{"line":15,"column":36},"end":{"line":115,"column":2}}},"1":{"name":"(anonymous_1)","decl":{"start":{"line":22,"column":13},"end":{"line":22,"column":18}},"loc":{"start":{"line":23,"column":4},"end":{"line":30,"column":null}}},"2":{"name":"(anonymous_2)","decl":{"start":{"line":40,"column":19},"end":{"line":40,"column":24}},"loc":{"start":{"line":41,"column":4},"end":{"line":44,"column":null}}},"3":{"name":"(anonymous_3)","decl":{"start":{"line":54,"column":16},"end":{"line":54,"column":21}},"loc":{"start":{"line":55,"column":4},"end":{"line":58,"column":null}}},"4":{"name":"(anonymous_4)","decl":{"start":{"line":68,"column":14},"end":{"line":68,"column":19}},"loc":{"start":{"line":69,"column":4},"end":{"line":72,"column":null}}},"5":{"name":"(anonymous_5)","decl":{"start":{"line":84,"column":13},"end":{"line":84,"column":18}},"loc":{"start":{"line":89,"column":4},"end":{"line":96,"column":null}}},"6":{"name":"(anonymous_6)","decl":{"start":{"line":108,"column":13},"end":{"line":108,"column":18}},"loc":{"start":{"line":109,"column":4},"end":{"line":114,"column":25}}}},"branchMap":{},"s":{"0":26,"1":26,"2":52,"3":2,"4":0,"5":0,"6":0,"7":0,"8":0},"f":{"0":52,"1":2,"2":0,"3":0,"4":0,"5":0,"6":0},"b":{}}
,"/Users/nicola/workspace/memori/memori-api-client/src/engine/intents.ts": {"path":"/Users/nicola/workspace/memori/memori-api-client/src/engine/intents.ts","statementMap":{"0":{"start":{"line":2,"column":0},"end":{"line":2,"column":43}},"1":{"start":{"line":10,"column":0},"end":{"line":153,"column":3}},"2":{"start":{"line":10,"column":36},"end":{"line":153,"column":2}},"3":{"start":{"line":16,"column":4},"end":{"line":19,"column":null}},"4":{"start":{"line":31,"column":4},"end":{"line":34,"column":null}},"5":{"start":{"line":49,"column":4},"end":{"line":53,"column":31}},"6":{"start":{"line":61,"column":4},"end":{"line":64,"column":31}},"7":{"start":{"line":72,"column":4},"end":{"line":76,"column":null}},"8":{"start":{"line":87,"column":4},"end":{"line":90,"column":null}},"9":{"start":{"line":104,"column":4},"end":{"line":107,"column":null}},"10":{"start":{"line":122,"column":4},"end":{"line":126,"column":31}},"11":{"start":{"line":134,"column":4},"end":{"line":137,"column":31}},"12":{"start":{"line":144,"column":4},"end":{"line":148,"column":null}}},"fnMap":{"0":{"name":"(anonymous_0)","decl":{"start":{"line":10,"column":15},"end":{"line":10,"column":16}},"loc":{"start":{"line":10,"column":36},"end":{"line":153,"column":2}}},"1":{"name":"(anonymous_1)","decl":{"start":{"line":15,"column":14},"end":{"line":15,"column":19}},"loc":{"start":{"line":16,"column":4},"end":{"line":19,"column":null}}},"2":{"name":"(anonymous_2)","decl":{"start":{"line":30,"column":13},"end":{"line":30,"column":18}},"loc":{"start":{"line":31,"column":4},"end":{"line":34,"column":null}}},"3":{"name":"(anonymous_3)","decl":{"start":{"line":45,"column":15},"end":{"line":45,"column":20}},"loc":{"start":{"line":49,"column":4},"end":{"line":53,"column":31}}},"4":{"name":"(anonymous_4)","decl":{"start":{"line":60,"column":16},"end":{"line":60,"column":21}},"loc":{"start":{"line":61,"column":4},"end":{"line":64,"column":31}}},"5":{"name":"(anonymous_5)","decl":{"start":{"line":71,"column":16},"end":{"line":71,"column":21}},"loc":{"start":{"line":72,"column":4},"end":{"line":76,"column":null}}},"6":{"name":"(anonymous_6)","decl":{"start":{"line":86,"column":18},"end":{"line":86,"column":23}},"loc":{"start":{"line":87,"column":4},"end":{"line":90,"column":null}}},"7":{"name":"(anonymous_7)","decl":{"start":{"line":103,"column":17},"end":{"line":103,"column":22}},"loc":{"start":{"line":104,"column":4},"end":{"line":107,"column":null}}},"8":{"name":"(anonymous_8)","decl":{"start":{"line":118,"column":19},"end":{"line":118,"column":24}},"loc":{"start":{"line":122,"column":4},"end":{"line":126,"column":31}}},"9":{"name":"(anonymous_9)","decl":{"start":{"line":133,"column":20},"end":{"line":133,"column":25}},"loc":{"start":{"line":134,"column":4},"end":{"line":137,"column":31}}},"10":{"name":"(anonymous_10)","decl":{"start":{"line":143,"column":20},"end":{"line":143,"column":25}},"loc":{"start":{"line":144,"column":4},"end":{"line":148,"column":null}}}},"branchMap":{},"s":{"0":26,"1":26,"2":52,"3":0,"4":2,"5":0,"6":0,"7":0,"8":0,"9":0,"10":0,"11":0,"12":0},"f":{"0":52,"1":0,"2":2,"3":0,"4":0,"5":0,"6":0,"7":0,"8":0,"9":0,"10":0},"b":{}}
,"/Users/nicola/workspace/memori/memori-api-client/src/engine/localizationKeys.ts": {"path":"/Users/nicola/workspace/memori/memori-api-client/src/engine/localizationKeys.ts","statementMap":{"0":{"start":{"line":6,"column":0},"end":{"line":6,"column":43}},"1":{"start":{"line":14,"column":0},"end":{"line":94,"column":3}},"2":{"start":{"line":14,"column":36},"end":{"line":94,"column":2}},"3":{"start":{"line":20,"column":4},"end":{"line":23,"column":null}},"4":{"start":{"line":35,"column":4},"end":{"line":38,"column":null}},"5":{"start":{"line":53,"column":4},"end":{"line":56,"column":31}},"6":{"start":{"line":70,"column":4},"end":{"line":74,"column":null}},"7":{"start":{"line":89,"column":4},"end":{"line":93,"column":31}}},"fnMap":{"0":{"name":"(anonymous_0)","decl":{"start":{"line":14,"column":15},"end":{"line":14,"column":16}},"loc":{"start":{"line":14,"column":36},"end":{"line":94,"column":2}}},"1":{"name":"(anonymous_1)","decl":{"start":{"line":19,"column":23},"end":{"line":19,"column":28}},"loc":{"start":{"line":20,"column":4},"end":{"line":23,"column":null}}},"2":{"name":"(anonymous_2)","decl":{"start":{"line":34,"column":22},"end":{"line":34,"column":27}},"loc":{"start":{"line":35,"column":4},"end":{"line":38,"column":null}}},"3":{"name":"(anonymous_3)","decl":{"start":{"line":52,"column":25},"end":{"line":52,"column":30}},"loc":{"start":{"line":53,"column":4},"end":{"line":56,"column":31}}},"4":{"name":"(anonymous_4)","decl":{"start":{"line":66,"column":23},"end":{"line":66,"column":28}},"loc":{"start":{"line":70,"column":4},"end":{"line":74,"column":null}}},"5":{"name":"(anonymous_5)","decl":{"start":{"line":85,"column":24},"end":{"line":85,"column":29}},"loc":{"start":{"line":89,"column":4},"end":{"line":93,"column":31}}}},"branchMap":{},"s":{"0":26,"1":26,"2":52,"3":0,"4":2,"5":0,"6":0,"7":0},"f":{"0":52,"1":0,"2":2,"3":0,"4":0,"5":0},"b":{}}
,"/Users/nicola/workspace/memori/memori-api-client/src/engine/media.ts": {"path":"/Users/nicola/workspace/memori/memori-api-client/src/engine/media.ts","statementMap":{"0":{"start":{"line":2,"column":0},"end":{"line":2,"column":43}},"1":{"start":{"line":10,"column":0},"end":{"line":79,"column":3}},"2":{"start":{"line":10,"column":36},"end":{"line":79,"column":2}},"3":{"start":{"line":17,"column":4},"end":{"line":20,"column":31}},"4":{"start":{"line":28,"column":4},"end":{"line":31,"column":31}},"5":{"start":{"line":40,"column":4},"end":{"line":43,"column":31}},"6":{"start":{"line":52,"column":4},"end":{"line":55,"column":31}},"7":{"start":{"line":64,"column":4},"end":{"line":67,"column":31}},"8":{"start":{"line":75,"column":4},"end":{"line":78,"column":31}}},"fnMap":{"0":{"name":"(anonymous_0)","decl":{"start":{"line":10,"column":15},"end":{"line":10,"column":16}},"loc":{"start":{"line":10,"column":36},"end":{"line":79,"column":2}}},"1":{"name":"(anonymous_1)","decl":{"start":{"line":16,"column":12},"end":{"line":16,"column":17}},"loc":{"start":{"line":17,"column":4},"end":{"line":20,"column":31}}},"2":{"name":"(anonymous_2)","decl":{"start":{"line":27,"column":15},"end":{"line":27,"column":20}},"loc":{"start":{"line":28,"column":4},"end":{"line":31,"column":31}}},"3":{"name":"(anonymous_3)","decl":{"start":{"line":39,"column":13},"end":{"line":39,"column":18}},"loc":{"start":{"line":40,"column":4},"end":{"line":43,"column":31}}},"4":{"name":"(anonymous_4)","decl":{"start":{"line":51,"column":15},"end":{"line":51,"column":20}},"loc":{"start":{"line":52,"column":4},"end":{"line":55,"column":31}}},"5":{"name":"(anonymous_5)","decl":{"start":{"line":63,"column":16},"end":{"line":63,"column":17}},"loc":{"start":{"line":64,"column":4},"end":{"line":67,"column":31}}},"6":{"name":"(anonymous_6)","decl":{"start":{"line":74,"column":14},"end":{"line":74,"column":19}},"loc":{"start":{"line":75,"column":4},"end":{"line":78,"column":31}}}},"branchMap":{},"s":{"0":26,"1":26,"2":52,"3":2,"4":0,"5":0,"6":0,"7":0,"8":0},"f":{"0":52,"1":2,"2":0,"3":0,"4":0,"5":0,"6":0},"b":{}}
,"/Users/nicola/workspace/memori/memori-api-client/src/engine/memories.ts": {"path":"/Users/nicola/workspace/memori/memori-api-client/src/engine/memories.ts","statementMap":{"0":{"start":{"line":2,"column":0},"end":{"line":2,"column":43}},"1":{"start":{"line":10,"column":0},"end":{"line":119,"column":3}},"2":{"start":{"line":10,"column":36},"end":{"line":119,"column":2}},"3":{"start":{"line":20,"column":4},"end":{"line":23,"column":null}},"4":{"start":{"line":42,"column":4},"end":{"line":47,"column":null}},"5":{"start":{"line":61,"column":4},"end":{"line":64,"column":null}},"6":{"start":{"line":76,"column":4},"end":{"line":80,"column":31}},"7":{"start":{"line":88,"column":4},"end":{"line":91,"column":31}},"8":{"start":{"line":99,"column":4},"end":{"line":103,"column":null}},"9":{"start":{"line":115,"column":4},"end":{"line":118,"column":31}}},"fnMap":{"0":{"name":"(anonymous_0)","decl":{"start":{"line":10,"column":15},"end":{"line":10,"column":16}},"loc":{"start":{"line":10,"column":36},"end":{"line":119,"column":2}}},"1":{"name":"(anonymous_1)","decl":{"start":{"line":16,"column":15},"end":{"line":16,"column":20}},"loc":{"start":{"line":20,"column":4},"end":{"line":23,"column":null}}},"2":{"name":"(anonymous_2)","decl":{"start":{"line":36,"column":24},"end":{"line":36,"column":29}},"loc":{"start":{"line":42,"column":4},"end":{"line":47,"column":null}}},"3":{"name":"(anonymous_3)","decl":{"start":{"line":60,"column":13},"end":{"line":60,"column":18}},"loc":{"start":{"line":61,"column":4},"end":{"line":64,"column":null}}},"4":{"name":"(anonymous_4)","decl":{"start":{"line":75,"column":15},"end":{"line":75,"column":20}},"loc":{"start":{"line":76,"column":4},"end":{"line":80,"column":31}}},"5":{"name":"(anonymous_5)","decl":{"start":{"line":87,"column":16},"end":{"line":87,"column":21}},"loc":{"start":{"line":88,"column":4},"end":{"line":91,"column":31}}},"6":{"name":"(anonymous_6)","decl":{"start":{"line":98,"column":14},"end":{"line":98,"column":19}},"loc":{"start":{"line":99,"column":4},"end":{"line":103,"column":null}}},"7":{"name":"(anonymous_7)","decl":{"start":{"line":114,"column":19},"end":{"line":114,"column":24}},"loc":{"start":{"line":115,"column":4},"end":{"line":118,"column":31}}}},"branchMap":{"0":{"loc":{"start":{"line":20,"column":40},"end":{"line":20,"column":62}},"type":"cond-expr","locations":[{"start":{"line":20,"column":47},"end":{"line":20,"column":57}},{"start":{"line":20,"column":60},"end":{"line":20,"column":62}}]},"1":{"loc":{"start":{"line":43,"column":50},"end":{"line":43,"column":72}},"type":"cond-expr","locations":[{"start":{"line":43,"column":57},"end":{"line":43,"column":67}},{"start":{"line":43,"column":70},"end":{"line":43,"column":72}}]}},"s":{"0":26,"1":26,"2":52,"3":2,"4":0,"5":0,"6":0,"7":0,"8":0,"9":0},"f":{"0":52,"1":2,"2":0,"3":0,"4":0,"5":0,"6":0,"7":0},"b":{"0":[0,2],"1":[0,0]}}
,"/Users/nicola/workspace/memori/memori-api-client/src/engine/nlp.ts": {"path":"/Users/nicola/workspace/memori/memori-api-client/src/engine/nlp.ts","statementMap":{"0":{"start":{"line":2,"column":0},"end":{"line":2,"column":43}},"1":{"start":{"line":10,"column":0},"end":{"line":116,"column":3}},"2":{"start":{"line":10,"column":36},"end":{"line":116,"column":2}},"3":{"start":{"line":17,"column":4},"end":{"line":20,"column":null}},"4":{"start":{"line":32,"column":4},"end":{"line":35,"column":null}},"5":{"start":{"line":47,"column":4},"end":{"line":51,"column":null}},"6":{"start":{"line":74,"column":4},"end":{"line":83,"column":null}},"7":{"start":{"line":104,"column":4},"end":{"line":108,"column":null}}},"fnMap":{"0":{"name":"(anonymous_0)","decl":{"start":{"line":10,"column":15},"end":{"line":10,"column":16}},"loc":{"start":{"line":10,"column":36},"end":{"line":116,"column":2}}},"1":{"name":"(anonymous_1)","decl":{"start":{"line":16,"column":17},"end":{"line":16,"column":22}},"loc":{"start":{"line":17,"column":4},"end":{"line":20,"column":null}}},"2":{"name":"(anonymous_2)","decl":{"start":{"line":31,"column":19},"end":{"line":31,"column":24}},"loc":{"start":{"line":32,"column":4},"end":{"line":35,"column":null}}},"3":{"name":"(anonymous_3)","decl":{"start":{"line":46,"column":17},"end":{"line":46,"column":22}},"loc":{"start":{"line":47,"column":4},"end":{"line":51,"column":null}}},"4":{"name":"(anonymous_4)","decl":{"start":{"line":67,"column":21},"end":{"line":67,"column":26}},"loc":{"start":{"line":74,"column":4},"end":{"line":83,"column":null}}},"5":{"name":"(anonymous_5)","decl":{"start":{"line":103,"column":14},"end":{"line":103,"column":19}},"loc":{"start":{"line":104,"column":4},"end":{"line":108,"column":null}}}},"branchMap":{},"s":{"0":26,"1":26,"2":52,"3":0,"4":0,"5":2,"6":0,"7":0},"f":{"0":52,"1":0,"2":0,"3":2,"4":0,"5":0},"b":{}}
,"/Users/nicola/workspace/memori/memori-api-client/src/engine/people.ts": {"path":"/Users/nicola/workspace/memori/memori-api-client/src/engine/people.ts","statementMap":{"0":{"start":{"line":2,"column":0},"end":{"line":2,"column":43}},"1":{"start":{"line":10,"column":0},"end":{"line":82,"column":3}},"2":{"start":{"line":10,"column":36},"end":{"line":82,"column":2}},"3":{"start":{"line":16,"column":4},"end":{"line":19,"column":null}},"4":{"start":{"line":31,"column":4},"end":{"line":34,"column":null}},"5":{"start":{"line":46,"column":4},"end":{"line":50,"column":null}},"6":{"start":{"line":62,"column":4},"end":{"line":65,"column":31}},"7":{"start":{"line":73,"column":4},"end":{"line":77,"column":null}}},"fnMap":{"0":{"name":"(anonymous_0)","decl":{"start":{"line":10,"column":15},"end":{"line":10,"column":16}},"loc":{"start":{"line":10,"column":36},"end":{"line":82,"column":2}}},"1":{"name":"(anonymous_1)","decl":{"start":{"line":15,"column":13},"end":{"line":15,"column":18}},"loc":{"start":{"line":16,"column":4},"end":{"line":19,"column":null}}},"2":{"name":"(anonymous_2)","decl":{"start":{"line":30,"column":13},"end":{"line":30,"column":18}},"loc":{"start":{"line":31,"column":4},"end":{"line":34,"column":null}}},"3":{"name":"(anonymous_3)","decl":{"start":{"line":45,"column":15},"end":{"line":45,"column":20}},"loc":{"start":{"line":46,"column":4},"end":{"line":50,"column":null}}},"4":{"name":"(anonymous_4)","decl":{"start":{"line":61,"column":16},"end":{"line":61,"column":21}},"loc":{"start":{"line":62,"column":4},"end":{"line":65,"column":31}}},"5":{"name":"(anonymous_5)","decl":{"start":{"line":72,"column":14},"end":{"line":72,"column":19}},"loc":{"start":{"line":73,"column":4},"end":{"line":77,"column":null}}}},"branchMap":{},"s":{"0":26,"1":26,"2":52,"3":0,"4":2,"5":0,"6":0,"7":0},"f":{"0":52,"1":0,"2":2,"3":0,"4":0,"5":0},"b":{}}
,"/Users/nicola/workspace/memori/memori-api-client/src/engine/promptedQuestions.ts": {"path":"/Users/nicola/workspace/memori/memori-api-client/src/engine/promptedQuestions.ts","statementMap":{"0":{"start":{"line":2,"column":0},"end":{"line":2,"column":43}},"1":{"start":{"line":10,"column":0},"end":{"line":63,"column":3}},"2":{"start":{"line":10,"column":36},"end":{"line":63,"column":2}},"3":{"start":{"line":16,"column":4},"end":{"line":19,"column":31}},"4":{"start":{"line":27,"column":4},"end":{"line":30,"column":31}},"5":{"start":{"line":38,"column":4},"end":{"line":41,"column":31}},"6":{"start":{"line":49,"column":4},"end":{"line":52,"column":31}},"7":{"start":{"line":59,"column":4},"end":{"line":62,"column":31}}},"fnMap":{"0":{"name":"(anonymous_0)","decl":{"start":{"line":10,"column":15},"end":{"line":10,"column":16}},"loc":{"start":{"line":10,"column":36},"end":{"line":63,"column":2}}},"1":{"name":"(anonymous_1)","decl":{"start":{"line":15,"column":24},"end":{"line":15,"column":29}},"loc":{"start":{"line":16,"column":4},"end":{"line":19,"column":31}}},"2":{"name":"(anonymous_2)","decl":{"start":{"line":26,"column":23},"end":{"line":26,"column":28}},"loc":{"start":{"line":27,"column":4},"end":{"line":30,"column":31}}},"3":{"name":"(anonymous_3)","decl":{"start":{"line":37,"column":25},"end":{"line":37,"column":30}},"loc":{"start":{"line":38,"column":4},"end":{"line":41,"column":31}}},"4":{"name":"(anonymous_4)","decl":{"start":{"line":48,"column":26},"end":{"line":48,"column":31}},"loc":{"start":{"line":49,"column":4},"end":{"line":52,"column":31}}},"5":{"name":"(anonymous_5)","decl":{"start":{"line":58,"column":24},"end":{"line":58,"column":29}},"loc":{"start":{"line":59,"column":4},"end":{"line":62,"column":31}}}},"branchMap":{},"s":{"0":26,"1":26,"2":52,"3":0,"4":2,"5":0,"6":0,"7":0},"f":{"0":52,"1":0,"2":2,"3":0,"4":0,"5":0},"b":{}}
,"/Users/nicola/workspace/memori/memori-api-client/src/engine/search.ts": {"path":"/Users/nicola/workspace/memori/memori-api-client/src/engine/search.ts","statementMap":{"0":{"start":{"line":2,"column":0},"end":{"line":2,"column":43}},"1":{"start":{"line":10,"column":0},"end":{"line":49,"column":3}},"2":{"start":{"line":10,"column":36},"end":{"line":49,"column":2}},"3":{"start":{"line":17,"column":4},"end":{"line":21,"column":null}},"4":{"start":{"line":33,"column":4},"end":{"line":36,"column":31}},"5":{"start":{"line":45,"column":4},"end":{"line":48,"column":31}}},"fnMap":{"0":{"name":"(anonymous_0)","decl":{"start":{"line":10,"column":15},"end":{"line":10,"column":16}},"loc":{"start":{"line":10,"column":36},"end":{"line":49,"column":2}}},"1":{"name":"(anonymous_1)","decl":{"start":{"line":16,"column":16},"end":{"line":16,"column":21}},"loc":{"start":{"line":17,"column":4},"end":{"line":21,"column":null}}},"2":{"name":"(anonymous_2)","decl":{"start":{"line":32,"column":14},"end":{"line":32,"column":19}},"loc":{"start":{"line":33,"column":4},"end":{"line":36,"column":31}}},"3":{"name":"(anonymous_3)","decl":{"start":{"line":44,"column":13},"end":{"line":44,"column":18}},"loc":{"start":{"line":45,"column":4},"end":{"line":48,"column":31}}}},"branchMap":{},"s":{"0":26,"1":26,"2":52,"3":0,"4":2,"5":0},"f":{"0":52,"1":0,"2":2,"3":0},"b":{}}
,"/Users/nicola/workspace/memori/memori-api-client/src/engine/session.ts": {"path":"/Users/nicola/workspace/memori/memori-api-client/src/engine/session.ts","statementMap":{"0":{"start":{"line":2,"column":0},"end":{"line":2,"column":43}},"1":{"start":{"line":10,"column":0},"end":{"line":49,"column":3}},"2":{"start":{"line":10,"column":36},"end":{"line":49,"column":2}},"3":{"start":{"line":15,"column":4},"end":{"line":19,"column":null}},"4":{"start":{"line":31,"column":4},"end":{"line":34,"column":null}},"5":{"start":{"line":45,"column":4},"end":{"line":48,"column":31}}},"fnMap":{"0":{"name":"(anonymous_0)","decl":{"start":{"line":10,"column":15},"end":{"line":10,"column":16}},"loc":{"start":{"line":10,"column":36},"end":{"line":49,"column":2}}},"1":{"name":"(anonymous_1)","decl":{"start":{"line":14,"column":15},"end":{"line":14,"column":20}},"loc":{"start":{"line":15,"column":4},"end":{"line":19,"column":null}}},"2":{"name":"(anonymous_2)","decl":{"start":{"line":30,"column":14},"end":{"line":30,"column":19}},"loc":{"start":{"line":31,"column":4},"end":{"line":34,"column":null}}},"3":{"name":"(anonymous_3)","decl":{"start":{"line":44,"column":17},"end":{"line":44,"column":22}},"loc":{"start":{"line":45,"column":4},"end":{"line":48,"column":31}}}},"branchMap":{},"s":{"0":26,"1":26,"2":52,"3":0,"4":2,"5":0},"f":{"0":52,"1":0,"2":2,"3":0},"b":{}}
,"/Users/nicola/workspace/memori/memori-api-client/src/engine/stats.ts": {"path":"/Users/nicola/workspace/memori/memori-api-client/src/engine/stats.ts","statementMap":{"0":{"start":{"line":2,"column":0},"end":{"line":2,"column":43}},"1":{"start":{"line":10,"column":0},"end":{"line":160,"column":3}},"2":{"start":{"line":10,"column":36},"end":{"line":160,"column":2}},"3":{"start":{"line":16,"column":4},"end":{"line":19,"column":null}},"4":{"start":{"line":30,"column":4},"end":{"line":33,"column":null}},"5":{"start":{"line":60,"column":4},"end":{"line":63,"column":null}},"6":{"start":{"line":102,"column":4},"end":{"line":105,"column":null}},"7":{"start":{"line":124,"column":4},"end":{"line":129,"column":null}},"8":{"start":{"line":149,"column":4},"end":{"line":154,"column":null}}},"fnMap":{"0":{"name":"(anonymous_0)","decl":{"start":{"line":10,"column":15},"end":{"line":10,"column":16}},"loc":{"start":{"line":10,"column":36},"end":{"line":160,"column":2}}},"1":{"name":"(anonymous_1)","decl":{"start":{"line":15,"column":17},"end":{"line":15,"column":22}},"loc":{"start":{"line":16,"column":4},"end":{"line":19,"column":null}}},"2":{"name":"(anonymous_2)","decl":{"start":{"line":29,"column":28},"end":{"line":29,"column":33}},"loc":{"start":{"line":30,"column":4},"end":{"line":33,"column":null}}},"3":{"name":"(anonymous_3)","decl":{"start":{"line":59,"column":25},"end":{"line":59,"column":30}},"loc":{"start":{"line":60,"column":4},"end":{"line":63,"column":null}}},"4":{"name":"(anonymous_4)","decl":{"start":{"line":97,"column":16},"end":{"line":97,"column":21}},"loc":{"start":{"line":102,"column":4},"end":{"line":105,"column":null}}},"5":{"name":"(anonymous_5)","decl":{"start":{"line":118,"column":22},"end":{"line":118,"column":27}},"loc":{"start":{"line":124,"column":4},"end":{"line":129,"column":null}}},"6":{"name":"(anonymous_6)","decl":{"start":{"line":143,"column":22},"end":{"line":143,"column":27}},"loc":{"start":{"line":149,"column":4},"end":{"line":154,"column":null}}}},"branchMap":{},"s":{"0":26,"1":26,"2":52,"3":2,"4":0,"5":0,"6":0,"7":0,"8":0},"f":{"0":52,"1":2,"2":0,"3":0,"4":0,"5":0,"6":0},"b":{}}
,"/Users/nicola/workspace/memori/memori-api-client/src/engine/unansweredQuestions.ts": {"path":"/Users/nicola/workspace/memori/memori-api-client/src/engine/unansweredQuestions.ts","statementMap":{"0":{"start":{"line":2,"column":0},"end":{"line":2,"column":43}},"1":{"start":{"line":10,"column":0},"end":{"line":76,"column":3}},"2":{"start":{"line":10,"column":36},"end":{"line":76,"column":2}},"3":{"start":{"line":16,"column":4},"end":{"line":19,"column":null}},"4":{"start":{"line":34,"column":4},"end":{"line":37,"column":null}},"5":{"start":{"line":53,"column":4},"end":{"line":57,"column":null}},"6":{"start":{"line":72,"column":4},"end":{"line":75,"column":31}}},"fnMap":{"0":{"name":"(anonymous_0)","decl":{"start":{"line":10,"column":15},"end":{"line":10,"column":16}},"loc":{"start":{"line":10,"column":36},"end":{"line":76,"column":2}}},"1":{"name":"(anonymous_1)","decl":{"start":{"line":15,"column":26},"end":{"line":15,"column":31}},"loc":{"start":{"line":16,"column":4},"end":{"line":19,"column":null}}},"2":{"name":"(anonymous_2)","decl":{"start":{"line":29,"column":35},"end":{"line":29,"column":40}},"loc":{"start":{"line":34,"column":4},"end":{"line":37,"column":null}}},"3":{"name":"(anonymous_3)","decl":{"start":{"line":49,"column":26},"end":{"line":49,"column":31}},"loc":{"start":{"line":53,"column":4},"end":{"line":57,"column":null}}},"4":{"name":"(anonymous_4)","decl":{"start":{"line":68,"column":28},"end":{"line":68,"column":33}},"loc":{"start":{"line":72,"column":4},"end":{"line":75,"column":31}}}},"branchMap":{},"s":{"0":26,"1":26,"2":52,"3":2,"4":0,"5":0,"6":0},"f":{"0":52,"1":2,"2":0,"3":0,"4":0},"b":{}}
,"/Users/nicola/workspace/memori/memori-api-client/src/helpers/asset.ts": {"path":"/Users/nicola/workspace/memori/memori-api-client/src/helpers/asset.ts","statementMap":{"0":{"start":{"line":8,"column":0},"end":{"line":52,"column":3}},"1":{"start":{"line":8,"column":36},"end":{"line":52,"column":2}},"2":{"start":{"line":26,"column":6},"end":{"line":28,"column":46}},"3":{"start":{"line":29,"column":4},"end":{"line":50,"column":null}},"4":{"start":{"line":30,"column":6},"end":{"line":30,"column":24}},"5":{"start":{"line":31,"column":11},"end":{"line":50,"column":null}},"6":{"start":{"line":32,"column":6},"end":{"line":32,"column":64}},"7":{"start":{"line":33,"column":11},"end":{"line":50,"column":null}},"8":{"start":{"line":37,"column":6},"end":{"line":37,"column":65}},"9":{"start":{"line":38,"column":11},"end":{"line":50,"column":null}},"10":{"start":{"line":39,"column":6},"end":{"line":42,"column":10}},"11":{"start":{"line":43,"column":11},"end":{"line":50,"column":null}},"12":{"start":{"line":44,"column":6},"end":{"line":47,"column":10}},"13":{"start":{"line":49,"column":6},"end":{"line":49,"column":24}}},"fnMap":{"0":{"name":"(anonymous_0)","decl":{"start":{"line":8,"column":15},"end":{"line":8,"column":16}},"loc":{"start":{"line":8,"column":36},"end":{"line":52,"column":2}}},"1":{"name":"(anonymous_1)","decl":{"start":{"line":19,"column":18},"end":{"line":19,"column":19}},"loc":{"start":{"line":24,"column":34},"end":{"line":51,"column":3}}}},"branchMap":{"0":{"loc":{"start":{"line":23,"column":4},"end":{"line":23,"column":43}},"type":"default-arg","locations":[{"start":{"line":23,"column":14},"end":{"line":23,"column":43}}]},"1":{"loc":{"start":{"line":26,"column":6},"end":{"line":28,"column":46}},"type":"cond-expr","locations":[{"start":{"line":27,"column":10},"end":{"line":27,"column":45}},{"start":{"line":28,"column":10},"end":{"line":28,"column":46}}]},"2":{"loc":{"start":{"line":29,"column":4},"end":{"line":50,"column":null}},"type":"if","locations":[{"start":{"line":29,"column":4},"end":{"line":50,"column":null}},{"start":{"line":31,"column":11},"end":{"line":50,"column":null}}]},"3":{"loc":{"start":{"line":29,"column":8},"end":{"line":29,"column":48}},"type":"binary-expr","locations":[{"start":{"line":29,"column":8},"end":{"line":29,"column":20}},{"start":{"line":29,"column":24},"end":{"line":29,"column":48}}]},"4":{"loc":{"start":{"line":31,"column":11},"end":{"line":50,"column":null}},"type":"if","locations":[{"start":{"line":31,"column":11},"end":{"line":50,"column":null}},{"start":{"line":33,"column":11},"end":{"line":50,"column":null}}]},"5":{"loc":{"start":{"line":33,"column":11},"end":{"line":50,"column":null}},"type":"if","locations":[{"start":{"line":33,"column":11},"end":{"line":50,"column":null}},{"start":{"line":38,"column":11},"end":{"line":50,"column":null}}]},"6":{"loc":{"start":{"line":34,"column":6},"end":{"line":35,"column":39}},"type":"binary-expr","locations":[{"start":{"line":34,"column":6},"end":{"line":34,"column":40}},{"start":{"line":35,"column":6},"end":{"line":35,"column":39}}]},"7":{"loc":{"start":{"line":37,"column":30},"end":{"line":37,"column":62}},"type":"cond-expr","locations":[{"start":{"line":37,"column":42},"end":{"line":37,"column":57}},{"start":{"line":37,"column":60},"end":{"line":37,"column":62}}]},"8":{"loc":{"start":{"line":38,"column":11},"end":{"line":50,"column":null}},"type":"if","locations":[{"start":{"line":38,"column":11},"end":{"line":50,"column":null}},{"start":{"line":43,"column":11},"end":{"line":50,"column":null}}]},"9":{"loc":{"start":{"line":43,"column":11},"end":{"line":50,"column":null}},"type":"if","locations":[{"start":{"line":43,"column":11},"end":{"line":50,"column":null}},{"start":{"line":48,"column":11},"end":{"line":50,"column":null}}]}},"s":{"0":27,"1":27,"2":10,"3":10,"4":3,"5":7,"6":1,"7":6,"8":1,"9":5,"10":4,"11":1,"12":1,"13":0},"f":{"0":27,"1":10},"b":{"0":[8],"1":[1,9],"2":[3,7],"3":[10,7],"4":[1,6],"5":[1,5],"6":[6,5],"7":[0,1],"8":[4,1],"9":[1,0]}}
,"/Users/nicola/workspace/memori/memori-api-client/src/helpers/getApiUrl.ts": {"path":"/Users/nicola/workspace/memori/memori-api-client/src/helpers/getApiUrl.ts","statementMap":{"0":{"start":{"line":1,"column":25},"end":{"line":5,"column":33}},"1":{"start":{"line":2,"column":2},"end":{"line":5,"column":33}},"2":{"start":{"line":1,"column":13},"end":{"line":1,"column":25}}},"fnMap":{"0":{"name":"(anonymous_0)","decl":{"start":{"line":1,"column":25},"end":{"line":1,"column":26}},"loc":{"start":{"line":2,"column":2},"end":{"line":5,"column":33}}}},"branchMap":{"0":{"loc":{"start":{"line":2,"column":2},"end":{"line":5,"column":33}},"type":"cond-expr","locations":[{"start":{"line":3,"column":6},"end":{"line":4,"column":15}},{"start":{"line":5,"column":6},"end":{"line":5,"column":33}}]},"1":{"loc":{"start":{"line":3,"column":14},"end":{"line":3,"column":76}},"type":"cond-expr","locations":[{"start":{"line":3,"column":44},"end":{"line":3,"column":52}},{"start":{"line":3,"column":55},"end":{"line":3,"column":76}}]}},"s":{"0":27,"1":29,"2":27},"f":{"0":29},"b":{"0":[26,3],"1":[25,1]}}
}
