TN:
SF:src/apiFetcher.ts
FN:3,(anonymous_0)
FN:23,(anonymous_1)
FNF:2
FNH:2
FNDA:50,(anonymous_0)
FNDA:50,(anonymous_1)
DA:1,26
DA:3,26
DA:13,50
DA:23,50
LF:4
LH:4
BRDA:15,0,0,6
BRDA:15,0,1,44
BRDA:15,1,0,0
BRDA:15,1,1,50
BRDA:15,2,0,50
BRDA:15,2,1,50
BRDA:21,3,0,0
BRDA:21,3,1,50
BRDA:21,4,0,50
BRDA:21,4,1,50
BRDA:23,5,0,0
BRDA:23,5,1,50
BRDA:23,6,0,0
BRDA:23,6,1,50
BRDA:23,7,0,50
BRDA:23,7,1,50
BRF:16
BRH:12
end_of_record
TN:
SF:src/backend.ts
FN:9,(anonymous_0)
FNF:1
FNH:1
FNDA:26,(anonymous_0)
DA:1,26
DA:2,26
DA:3,26
DA:4,26
DA:5,26
DA:6,26
DA:7,26
DA:9,26
DA:26,26
LF:9
LH:9
BRF:0
BRH:0
end_of_record
TN:
SF:src/constants.ts
FNF:0
FNH:0
DA:1,26
DA:21,26
LF:2
LH:2
BRF:0
BRH:0
end_of_record
TN:
SF:src/engine.ts
FN:19,(anonymous_0)
FNF:1
FNH:1
FNDA:26,(anonymous_0)
DA:1,26
DA:2,26
DA:3,26
DA:4,26
DA:5,26
DA:6,26
DA:7,26
DA:8,26
DA:9,26
DA:10,26
DA:11,26
DA:12,26
DA:13,26
DA:14,26
DA:15,26
DA:16,26
DA:17,26
DA:19,26
LF:18
LH:18
BRF:0
BRH:0
end_of_record
TN:
SF:src/index.ts
FN:7,(anonymous_0)
FNF:1
FNH:1
FNDA:26,(anonymous_0)
DA:1,26
DA:2,26
DA:3,26
DA:4,26
DA:5,26
DA:7,26
DA:8,26
DA:10,26
DA:18,26
LF:9
LH:9
BRF:0
BRH:0
end_of_record
TN:
SF:src/backend/asset.ts
FN:4,(anonymous_0)
FN:12,(anonymous_1)
FN:22,(anonymous_2)
FN:57,(anonymous_3)
FN:69,(anonymous_4)
FN:81,(anonymous_5)
FNF:6
FNH:2
FNDA:52,(anonymous_0)
FNDA:0,(anonymous_1)
FNDA:0,(anonymous_2)
FNDA:2,(anonymous_3)
FNDA:0,(anonymous_4)
FNDA:0,(anonymous_5)
DA:2,26
DA:4,52
DA:13,0
DA:29,0
DA:30,0
DA:31,0
DA:33,0
DA:35,0
DA:44,0
DA:58,2
DA:70,0
DA:82,0
LF:12
LH:3
BRDA:13,0,0,0
BRDA:13,0,1,0
BRDA:37,1,0,0
BRDA:37,1,1,0
BRF:4
BRH:0
end_of_record
TN:
SF:src/backend/consumptionLogs.ts
FN:4,(anonymous_0)
FN:14,(anonymous_1)
FN:39,(anonymous_2)
FN:64,(anonymous_3)
FNF:4
FNH:2
FNDA:52,(anonymous_0)
FNDA:0,(anonymous_1)
FNDA:0,(anonymous_2)
FNDA:2,(anonymous_3)
DA:2,26
DA:4,52
DA:21,0
DA:46,0
DA:71,2
LF:5
LH:3
BRDA:23,0,0,0
BRDA:23,0,1,0
BRDA:24,1,0,0
BRDA:24,1,1,0
BRDA:24,2,0,0
BRDA:24,2,1,0
BRDA:48,3,0,0
BRDA:48,3,1,0
BRDA:49,4,0,0
BRDA:49,4,1,0
BRDA:49,5,0,0
BRDA:49,5,1,0
BRDA:73,6,0,0
BRDA:73,6,1,2
BRDA:74,7,0,0
BRDA:74,7,1,2
BRDA:74,8,0,2
BRDA:74,8,1,0
BRF:18
BRH:3
end_of_record
TN:
SF:src/backend/integration.ts
FN:4,(anonymous_0)
FN:11,(anonymous_1)
FN:25,(anonymous_2)
FN:40,(anonymous_3)
FN:54,(anonymous_4)
FN:66,(anonymous_5)
FN:84,(anonymous_6)
FNF:7
FNH:2
FNDA:52,(anonymous_0)
FNDA:0,(anonymous_1)
FNDA:0,(anonymous_2)
FNDA:2,(anonymous_3)
FNDA:0,(anonymous_4)
FNDA:0,(anonymous_5)
FNDA:0,(anonymous_6)
DA:2,26
DA:4,52
DA:12,0
DA:26,0
DA:41,2
DA:55,0
DA:67,0
DA:89,0
LF:8
LH:3
BRF:0
BRH:0
end_of_record
TN:
SF:src/backend/invitation.ts
FN:4,(anonymous_0)
FN:10,(anonymous_1)
FN:21,(anonymous_2)
FN:31,(anonymous_3)
FN:41,(anonymous_4)
FN:52,(anonymous_5)
FN:63,(anonymous_6)
FN:81,(anonymous_7)
FN:93,(anonymous_8)
FN:105,(anonymous_9)
FN:117,(anonymous_10)
FNF:11
FNH:2
FNDA:52,(anonymous_0)
FNDA:0,(anonymous_1)
FNDA:0,(anonymous_2)
FNDA:0,(anonymous_3)
FNDA:0,(anonymous_4)
FNDA:2,(anonymous_5)
FNDA:0,(anonymous_6)
FNDA:0,(anonymous_7)
FNDA:0,(anonymous_8)
FNDA:0,(anonymous_9)
FNDA:0,(anonymous_10)
DA:2,26
DA:4,52
DA:11,0
DA:22,0
DA:32,0
DA:42,0
DA:53,2
DA:69,0
DA:82,0
DA:94,0
DA:106,0
DA:121,0
LF:12
LH:3
BRF:0
BRH:0
end_of_record
TN:
SF:src/backend/memori.ts
FN:4,(anonymous_0)
FN:10,(anonymous_1)
FN:24,(anonymous_2)
FN:38,(anonymous_3)
FN:52,(anonymous_4)
FN:68,(anonymous_5)
FN:93,(anonymous_6)
FN:116,(anonymous_7)
FN:130,(anonymous_8)
FN:144,(anonymous_9)
FN:158,(anonymous_10)
FN:173,(anonymous_11)
FN:186,(anonymous_12)
FN:201,(anonymous_13)
FN:214,(anonymous_14)
FN:227,(anonymous_15)
FN:249,(anonymous_16)
FN:271,(anonymous_17)
FN:298,(anonymous_18)
FN:317,(anonymous_19)
FNF:20
FNH:2
FNDA:52,(anonymous_0)
FNDA:0,(anonymous_1)
FNDA:0,(anonymous_2)
FNDA:0,(anonymous_3)
FNDA:0,(anonymous_4)
FNDA:0,(anonymous_5)
FNDA:0,(anonymous_6)
FNDA:0,(anonymous_7)
FNDA:0,(anonymous_8)
FNDA:0,(anonymous_9)
FNDA:0,(anonymous_10)
FNDA:0,(anonymous_11)
FNDA:0,(anonymous_12)
FNDA:0,(anonymous_13)
FNDA:4,(anonymous_14)
FNDA:0,(anonymous_15)
FNDA:0,(anonymous_16)
FNDA:0,(anonymous_17)
FNDA:0,(anonymous_18)
FNDA:0,(anonymous_19)
DA:2,26
DA:4,52
DA:11,0
DA:25,0
DA:39,0
DA:53,0
DA:73,0
DA:98,0
DA:117,0
DA:131,0
DA:145,0
DA:159,0
DA:174,0
DA:190,0
DA:202,0
DA:215,4
DA:233,0
DA:255,0
DA:277,0
DA:305,0
DA:318,0
LF:21
LH:3
BRDA:75,0,0,0
BRDA:75,0,1,0
BRDA:100,1,0,0
BRDA:100,1,1,0
BRDA:235,2,0,0
BRDA:235,2,1,0
BRDA:258,3,0,0
BRDA:258,3,1,0
BRDA:258,4,0,0
BRDA:258,4,1,0
BRDA:279,5,0,0
BRDA:279,5,1,0
BRDA:280,6,0,0
BRDA:280,6,1,0
BRDA:280,7,0,0
BRDA:280,7,1,0
BRF:16
BRH:0
end_of_record
TN:
SF:src/backend/notifications.ts
FN:4,(anonymous_0)
FN:10,(anonymous_1)
FN:20,(anonymous_2)
FNF:3
FNH:2
FNDA:52,(anonymous_0)
FNDA:0,(anonymous_1)
FNDA:2,(anonymous_2)
DA:2,26
DA:4,52
DA:11,0
DA:21,2
LF:4
LH:3
BRF:0
BRH:0
end_of_record
TN:
SF:src/backend/user.ts
FN:4,(anonymous_0)
FN:10,(anonymous_1)
FN:22,(anonymous_2)
FN:34,(anonymous_3)
FN:47,(anonymous_4)
FN:59,(anonymous_5)
FN:73,(anonymous_6)
FN:87,(anonymous_7)
FN:99,(anonymous_8)
FN:117,(anonymous_9)
FN:128,(anonymous_10)
FN:145,(anonymous_11)
FN:156,(anonymous_12)
FN:169,(anonymous_13)
FN:180,(anonymous_14)
FNF:15
FNH:2
FNDA:52,(anonymous_0)
FNDA:0,(anonymous_1)
FNDA:0,(anonymous_2)
FNDA:0,(anonymous_3)
FNDA:0,(anonymous_4)
FNDA:2,(anonymous_5)
FNDA:0,(anonymous_6)
FNDA:0,(anonymous_7)
FNDA:0,(anonymous_8)
FNDA:0,(anonymous_9)
FNDA:0,(anonymous_10)
FNDA:0,(anonymous_11)
FNDA:0,(anonymous_12)
FNDA:0,(anonymous_13)
FNDA:0,(anonymous_14)
DA:2,26
DA:4,52
DA:11,0
DA:23,0
DA:35,0
DA:48,0
DA:60,2
DA:74,0
DA:88,0
DA:100,0
DA:118,0
DA:129,0
DA:146,0
DA:157,0
DA:170,0
DA:181,0
LF:16
LH:3
BRF:0
BRH:0
end_of_record
TN:
SF:src/engine/chatLogs.ts
FN:10,(anonymous_0)
FN:17,(anonymous_1)
FN:37,(anonymous_2)
FN:53,(anonymous_3)
FN:73,(anonymous_4)
FNF:5
FNH:2
FNDA:52,(anonymous_0)
FNDA:2,(anonymous_1)
FNDA:0,(anonymous_2)
FNDA:0,(anonymous_3)
FNDA:0,(anonymous_4)
DA:2,26
DA:10,52
DA:18,2
DA:38,0
DA:58,0
DA:74,0
LF:6
LH:3
BRDA:19,0,0,0
BRDA:19,0,1,2
BRDA:20,1,0,0
BRDA:20,1,1,2
BRDA:20,2,0,2
BRDA:20,2,1,0
BRDA:59,3,0,0
BRDA:59,3,1,0
BRDA:60,4,0,0
BRDA:60,4,1,0
BRDA:60,5,0,0
BRDA:60,5,1,0
BRF:12
BRH:3
end_of_record
TN:
SF:src/engine/contextVars.ts
FN:10,(anonymous_0)
FN:15,(anonymous_1)
FN:29,(anonymous_2)
FN:44,(anonymous_3)
FNF:4
FNH:2
FNDA:52,(anonymous_0)
FNDA:2,(anonymous_1)
FNDA:0,(anonymous_2)
FNDA:0,(anonymous_3)
DA:2,26
DA:10,52
DA:16,2
DA:30,0
DA:45,0
LF:5
LH:3
BRF:0
BRH:0
end_of_record
TN:
SF:src/engine/correlationPairs.ts
FN:10,(anonymous_0)
FN:17,(anonymous_1)
FN:41,(anonymous_2)
FN:60,(anonymous_3)
FNF:4
FNH:2
FNDA:52,(anonymous_0)
FNDA:2,(anonymous_1)
FNDA:0,(anonymous_2)
FNDA:0,(anonymous_3)
DA:2,26
DA:10,52
DA:22,2
DA:45,0
DA:61,0
LF:5
LH:3
BRDA:24,0,0,0
BRDA:24,0,1,2
BRDA:24,1,0,0
BRDA:24,1,1,0
BRF:4
BRH:1
end_of_record
TN:
SF:src/engine/customDictionary.ts
FN:10,(anonymous_0)
FN:15,(anonymous_1)
FN:30,(anonymous_2)
FN:45,(anonymous_3)
FN:56,(anonymous_4)
FN:76,(anonymous_5)
FNF:6
FNH:2
FNDA:52,(anonymous_0)
FNDA:2,(anonymous_1)
FNDA:0,(anonymous_2)
FNDA:0,(anonymous_3)
FNDA:0,(anonymous_4)
FNDA:0,(anonymous_5)
DA:2,26
DA:10,52
DA:16,2
DA:31,0
DA:46,0
DA:60,0
DA:80,0
LF:7
LH:3
BRF:0
BRH:0
end_of_record
TN:
SF:src/engine/dialog.ts
FN:10,(anonymous_0)
FN:17,(anonymous_1)
FN:45,(anonymous_2)
FN:77,(anonymous_3)
FN:88,(anonymous_4)
FN:103,(anonymous_5)
FN:118,(anonymous_6)
FN:133,(anonymous_7)
FN:143,(anonymous_8)
FN:153,(anonymous_9)
FNF:10
FNH:2
FNDA:52,(anonymous_0)
FNDA:2,(anonymous_1)
FNDA:0,(anonymous_2)
FNDA:0,(anonymous_3)
FNDA:0,(anonymous_4)
FNDA:0,(anonymous_5)
FNDA:0,(anonymous_6)
FNDA:0,(anonymous_7)
FNDA:0,(anonymous_8)
FNDA:0,(anonymous_9)
DA:2,26
DA:10,52
DA:24,2
DA:58,0
DA:78,0
DA:89,0
DA:104,0
DA:119,0
DA:134,0
DA:144,0
DA:154,0
LF:11
LH:3
BRF:0
BRH:0
end_of_record
TN:
SF:src/engine/importExport.ts
FN:15,(anonymous_0)
FN:22,(anonymous_1)
FN:40,(anonymous_2)
FN:54,(anonymous_3)
FN:68,(anonymous_4)
FN:84,(anonymous_5)
FN:108,(anonymous_6)
FNF:7
FNH:2
FNDA:52,(anonymous_0)
FNDA:2,(anonymous_1)
FNDA:0,(anonymous_2)
FNDA:0,(anonymous_3)
FNDA:0,(anonymous_4)
FNDA:0,(anonymous_5)
FNDA:0,(anonymous_6)
DA:7,26
DA:15,52
DA:23,2
DA:41,0
DA:55,0
DA:69,0
DA:89,0
DA:109,0
LF:8
LH:3
BRF:0
BRH:0
end_of_record
TN:
SF:src/engine/intents.ts
FN:10,(anonymous_0)
FN:15,(anonymous_1)
FN:30,(anonymous_2)
FN:45,(anonymous_3)
FN:60,(anonymous_4)
FN:71,(anonymous_5)
FN:86,(anonymous_6)
FN:103,(anonymous_7)
FN:118,(anonymous_8)
FN:133,(anonymous_9)
FN:143,(anonymous_10)
FNF:11
FNH:2
FNDA:52,(anonymous_0)
FNDA:0,(anonymous_1)
FNDA:2,(anonymous_2)
FNDA:0,(anonymous_3)
FNDA:0,(anonymous_4)
FNDA:0,(anonymous_5)
FNDA:0,(anonymous_6)
FNDA:0,(anonymous_7)
FNDA:0,(anonymous_8)
FNDA:0,(anonymous_9)
FNDA:0,(anonymous_10)
DA:2,26
DA:10,52
DA:16,0
DA:31,2
DA:49,0
DA:61,0
DA:72,0
DA:87,0
DA:104,0
DA:122,0
DA:134,0
DA:144,0
LF:12
LH:3
BRF:0
BRH:0
end_of_record
TN:
SF:src/engine/localizationKeys.ts
FN:14,(anonymous_0)
FN:19,(anonymous_1)
FN:34,(anonymous_2)
FN:52,(anonymous_3)
FN:66,(anonymous_4)
FN:85,(anonymous_5)
FNF:6
FNH:2
FNDA:52,(anonymous_0)
FNDA:0,(anonymous_1)
FNDA:2,(anonymous_2)
FNDA:0,(anonymous_3)
FNDA:0,(anonymous_4)
FNDA:0,(anonymous_5)
DA:6,26
DA:14,52
DA:20,0
DA:35,2
DA:53,0
DA:70,0
DA:89,0
LF:7
LH:3
BRF:0
BRH:0
end_of_record
TN:
SF:src/engine/media.ts
FN:10,(anonymous_0)
FN:16,(anonymous_1)
FN:27,(anonymous_2)
FN:39,(anonymous_3)
FN:51,(anonymous_4)
FN:63,(anonymous_5)
FN:74,(anonymous_6)
FNF:7
FNH:2
FNDA:52,(anonymous_0)
FNDA:2,(anonymous_1)
FNDA:0,(anonymous_2)
FNDA:0,(anonymous_3)
FNDA:0,(anonymous_4)
FNDA:0,(anonymous_5)
FNDA:0,(anonymous_6)
DA:2,26
DA:10,52
DA:17,2
DA:28,0
DA:40,0
DA:52,0
DA:64,0
DA:75,0
LF:8
LH:3
BRF:0
BRH:0
end_of_record
TN:
SF:src/engine/memories.ts
FN:10,(anonymous_0)
FN:16,(anonymous_1)
FN:36,(anonymous_2)
FN:60,(anonymous_3)
FN:75,(anonymous_4)
FN:87,(anonymous_5)
FN:98,(anonymous_6)
FN:114,(anonymous_7)
FNF:8
FNH:2
FNDA:52,(anonymous_0)
FNDA:2,(anonymous_1)
FNDA:0,(anonymous_2)
FNDA:0,(anonymous_3)
FNDA:0,(anonymous_4)
FNDA:0,(anonymous_5)
FNDA:0,(anonymous_6)
FNDA:0,(anonymous_7)
DA:2,26
DA:10,52
DA:20,2
DA:42,0
DA:61,0
DA:76,0
DA:88,0
DA:99,0
DA:115,0
LF:9
LH:3
BRDA:20,0,0,0
BRDA:20,0,1,2
BRDA:43,1,0,0
BRDA:43,1,1,0
BRF:4
BRH:1
end_of_record
TN:
SF:src/engine/nlp.ts
FN:10,(anonymous_0)
FN:16,(anonymous_1)
FN:31,(anonymous_2)
FN:46,(anonymous_3)
FN:67,(anonymous_4)
FN:103,(anonymous_5)
FNF:6
FNH:2
FNDA:52,(anonymous_0)
FNDA:0,(anonymous_1)
FNDA:0,(anonymous_2)
FNDA:2,(anonymous_3)
FNDA:0,(anonymous_4)
FNDA:0,(anonymous_5)
DA:2,26
DA:10,52
DA:17,0
DA:32,0
DA:47,2
DA:74,0
DA:104,0
LF:7
LH:3
BRF:0
BRH:0
end_of_record
TN:
SF:src/engine/people.ts
FN:10,(anonymous_0)
FN:15,(anonymous_1)
FN:30,(anonymous_2)
FN:45,(anonymous_3)
FN:61,(anonymous_4)
FN:72,(anonymous_5)
FNF:6
FNH:2
FNDA:52,(anonymous_0)
FNDA:0,(anonymous_1)
FNDA:2,(anonymous_2)
FNDA:0,(anonymous_3)
FNDA:0,(anonymous_4)
FNDA:0,(anonymous_5)
DA:2,26
DA:10,52
DA:16,0
DA:31,2
DA:46,0
DA:62,0
DA:73,0
LF:7
LH:3
BRF:0
BRH:0
end_of_record
TN:
SF:src/engine/promptedQuestions.ts
FN:10,(anonymous_0)
FN:15,(anonymous_1)
FN:26,(anonymous_2)
FN:37,(anonymous_3)
FN:48,(anonymous_4)
FN:58,(anonymous_5)
FNF:6
FNH:2
FNDA:52,(anonymous_0)
FNDA:0,(anonymous_1)
FNDA:2,(anonymous_2)
FNDA:0,(anonymous_3)
FNDA:0,(anonymous_4)
FNDA:0,(anonymous_5)
DA:2,26
DA:10,52
DA:16,0
DA:27,2
DA:38,0
DA:49,0
DA:59,0
LF:7
LH:3
BRF:0
BRH:0
end_of_record
TN:
SF:src/engine/search.ts
FN:10,(anonymous_0)
FN:16,(anonymous_1)
FN:32,(anonymous_2)
FN:44,(anonymous_3)
FNF:4
FNH:2
FNDA:52,(anonymous_0)
FNDA:0,(anonymous_1)
FNDA:2,(anonymous_2)
FNDA:0,(anonymous_3)
DA:2,26
DA:10,52
DA:17,0
DA:33,2
DA:45,0
LF:5
LH:3
BRF:0
BRH:0
end_of_record
TN:
SF:src/engine/session.ts
FN:10,(anonymous_0)
FN:14,(anonymous_1)
FN:30,(anonymous_2)
FN:44,(anonymous_3)
FNF:4
FNH:2
FNDA:52,(anonymous_0)
FNDA:0,(anonymous_1)
FNDA:2,(anonymous_2)
FNDA:0,(anonymous_3)
DA:2,26
DA:10,52
DA:15,0
DA:31,2
DA:45,0
LF:5
LH:3
BRF:0
BRH:0
end_of_record
TN:
SF:src/engine/stats.ts
FN:10,(anonymous_0)
FN:15,(anonymous_1)
FN:29,(anonymous_2)
FN:59,(anonymous_3)
FN:97,(anonymous_4)
FN:118,(anonymous_5)
FN:143,(anonymous_6)
FNF:7
FNH:2
FNDA:52,(anonymous_0)
FNDA:2,(anonymous_1)
FNDA:0,(anonymous_2)
FNDA:0,(anonymous_3)
FNDA:0,(anonymous_4)
FNDA:0,(anonymous_5)
FNDA:0,(anonymous_6)
DA:2,26
DA:10,52
DA:16,2
DA:30,0
DA:60,0
DA:102,0
DA:124,0
DA:149,0
LF:8
LH:3
BRF:0
BRH:0
end_of_record
TN:
SF:src/engine/unansweredQuestions.ts
FN:10,(anonymous_0)
FN:15,(anonymous_1)
FN:29,(anonymous_2)
FN:49,(anonymous_3)
FN:68,(anonymous_4)
FNF:5
FNH:2
FNDA:52,(anonymous_0)
FNDA:2,(anonymous_1)
FNDA:0,(anonymous_2)
FNDA:0,(anonymous_3)
FNDA:0,(anonymous_4)
DA:2,26
DA:10,52
DA:16,2
DA:34,0
DA:53,0
DA:72,0
LF:6
LH:3
BRF:0
BRH:0
end_of_record
TN:
SF:src/helpers/asset.ts
FN:8,(anonymous_0)
FN:19,(anonymous_1)
FNF:2
FNH:2
FNDA:27,(anonymous_0)
FNDA:10,(anonymous_1)
DA:8,27
DA:26,10
DA:29,10
DA:30,3
DA:31,7
DA:32,1
DA:33,6
DA:37,1
DA:38,5
DA:39,4
DA:43,1
DA:44,1
DA:49,0
LF:13
LH:12
BRDA:23,0,0,8
BRDA:26,1,0,1
BRDA:26,1,1,9
BRDA:29,2,0,3
BRDA:29,2,1,7
BRDA:29,3,0,10
BRDA:29,3,1,7
BRDA:31,4,0,1
BRDA:31,4,1,6
BRDA:33,5,0,1
BRDA:33,5,1,5
BRDA:34,6,0,6
BRDA:34,6,1,5
BRDA:37,7,0,0
BRDA:37,7,1,1
BRDA:38,8,0,4
BRDA:38,8,1,1
BRDA:43,9,0,1
BRDA:43,9,1,0
BRF:19
BRH:17
end_of_record
TN:
SF:src/helpers/getApiUrl.ts
FN:1,(anonymous_0)
FNF:1
FNH:1
FNDA:29,(anonymous_0)
DA:1,27
DA:2,29
LF:2
LH:2
BRDA:2,0,0,26
BRDA:2,0,1,3
BRDA:3,1,0,25
BRDA:3,1,1,1
BRF:4
BRH:4
end_of_record
